# JRE version: Java(TM) SE Runtime Environment (8.0_241-b07) (build 1.8.0_241-b07)
# Java VM: Java HotSpot(TM) 64-Bit Server VM (25.241-b07 mixed mode linux-amd64 compressed oops)
Heap:
 PSYoungGen      total 547840K, used 248602K [0x0000000781700000, 0x00000007bb800000, 0x00000007c0000000)
  eden space 206336K, 0% used [0x0000000781700000,0x0000000781700000,0x000000078e080000)
  from space 341504K, 72% used [0x000000078e080000,0x000000079d346948,0x00000007a2e00000)
  to   space 341504K, 0% used [0x00000007a6a80000,0x00000007a6a80000,0x00000007bb800000)
 ParOldGen       total 1117184K, used 1116917K [0x0000000704400000, 0x0000000748700000, 0x0000000781700000)
  object space 1117184K, 99% used [0x0000000704400000,0x00000007486bd4c8,0x0000000748700000)
 Metaspace       used 9226K, capacity 9394K, committed 9728K, reserved 1058816K
  class space    used 1096K, capacity 1177K, committed 1280K, reserved 1048576K
GC Heap History (10 events):
Event: 2,749 GC heap after
Heap after GC invocations=11 (full 3):
 PSYoungGen      total 450560K, used 283104K [0x0000000781700000, 0x00000007b9500000, 0x00000007c0000000)
  eden space 167424K, 0% used [0x0000000781700000,0x0000000781700000,0x000000078ba80000)
  from space 283136K, 99% used [0x00000007a0800000,0x00000007b1c78080,0x00000007b1c80000)
  to   space 341504K, 0% used [0x000000078ba80000,0x000000078ba80000,0x00000007a0800000)
 ParOldGen       total 733184K, used 601557K [0x0000000704400000, 0x0000000731000000, 0x0000000781700000)
  object space 733184K, 82% used [0x0000000704400000,0x0000000728f75608,0x0000000731000000)
 Metaspace       used 9161K, capacity 9298K, committed 9344K, reserved 1056768K
  class space    used 1087K, capacity 1145K, committed 1152K, reserved 1048576K
}
Event: 2,749 GC heap before
{Heap before GC invocations=12 (full 4):
 PSYoungGen      total 450560K, used 283104K [0x0000000781700000, 0x00000007b9500000, 0x00000007c0000000)
  eden space 167424K, 0% used [0x0000000781700000,0x0000000781700000,0x000000078ba80000)
  from space 283136K, 99% used [0x00000007a0800000,0x00000007b1c78080,0x00000007b1c80000)
  to   space 341504K, 0% used [0x000000078ba80000,0x000000078ba80000,0x00000007a0800000)
 ParOldGen       total 733184K, used 601557K [0x0000000704400000, 0x0000000731000000, 0x0000000781700000)
  object space 733184K, 82% used [0x0000000704400000,0x0000000728f75608,0x0000000731000000)
 Metaspace       used 9161K, capacity 9298K, committed 9344K, reserved 1056768K
  class space    used 1087K, capacity 1145K, committed 1152K, reserved 1048576K
Event: 3,285 GC heap after
Heap after GC invocations=12 (full 4):
 PSYoungGen      total 450560K, used 145604K [0x0000000781700000, 0x00000007b9500000, 0x00000007c0000000)
  eden space 167424K, 0% used [0x0000000781700000,0x0000000781700000,0x000000078ba80000)
  from space 283136K, 51% used [0x00000007a0800000,0x00000007a9631068,0x00000007b1c80000)
  to   space 341504K, 0% used [0x000000078ba80000,0x000000078ba80000,0x00000007a0800000)
 ParOldGen       total 1117184K, used 732850K [0x0000000704400000, 0x0000000748700000, 0x0000000781700000)
  object space 1117184K, 65% used [0x0000000704400000,0x0000000730facb78,0x0000000748700000)
 Metaspace       used 9161K, capacity 9298K, committed 9344K, reserved 1056768K
  class space    used 1087K, capacity 1145K, committed 1152K, reserved 1048576K
}
Event: 3,531 GC heap before
{Heap before GC invocations=13 (full 4):
 PSYoungGen      total 450560K, used 313028K [0x0000000781700000, 0x00000007b9500000, 0x00000007c0000000)
  eden space 167424K, 100% used [0x0000000781700000,0x000000078ba80000,0x000000078ba80000)
  from space 283136K, 51% used [0x00000007a0800000,0x00000007a9631068,0x00000007b1c80000)
  to   space 341504K, 0% used [0x000000078ba80000,0x000000078ba80000,0x00000007a0800000)
 ParOldGen       total 1117184K, used 732850K [0x0000000704400000, 0x0000000748700000, 0x0000000781700000)
  object space 1117184K, 65% used [0x0000000704400000,0x0000000730facb78,0x0000000748700000)
 Metaspace       used 9161K, capacity 9298K, committed 9344K, reserved 1056768K
  class space    used 1087K, capacity 1145K, committed 1152K, reserved 1048576K
Event: 3,646 GC heap after
Heap after GC invocations=13 (full 4):
 PSYoungGen      total 508928K, used 314880K [0x0000000781700000, 0x00000007b7b80000, 0x00000007c0000000)
  eden space 167424K, 0% used [0x0000000781700000,0x0000000781700000,0x000000078ba80000)
  from space 341504K, 92% used [0x000000078ba80000,0x000000079ee00030,0x00000007a0800000)
  to   space 341504K, 0% used [0x00000007a2e00000,0x00000007a2e00000,0x00000007b7b80000)
 ParOldGen       total 1117184K, used 732850K [0x0000000704400000, 0x0000000748700000, 0x0000000781700000)
  object space 1117184K, 65% used [0x0000000704400000,0x0000000730facb78,0x0000000748700000)
 Metaspace       used 9161K, capacity 9298K, committed 9344K, reserved 1056768K
  class space    used 1087K, capacity 1145K, committed 1152K, reserved 1048576K
}
Event: 3,910 GC heap before
{Heap before GC invocations=14 (full 4):
 PSYoungGen      total 508928K, used 482304K [0x0000000781700000, 0x00000007b7b80000, 0x00000007c0000000)
  eden space 167424K, 100% used [0x0000000781700000,0x000000078ba80000,0x000000078ba80000)
  from space 341504K, 92% used [0x000000078ba80000,0x000000079ee00030,0x00000007a0800000)
  to   space 341504K, 0% used [0x00000007a2e00000,0x00000007a2e00000,0x00000007b7b80000)
 ParOldGen       total 1117184K, used 732850K [0x0000000704400000, 0x0000000748700000, 0x0000000781700000)
  object space 1117184K, 65% used [0x0000000704400000,0x0000000730facb78,0x0000000748700000)
 Metaspace       used 9226K, capacity 9394K, committed 9728K, reserved 1058816K
  class space    used 1096K, capacity 1177K, committed 1280K, reserved 1048576K
Event: 4,058 GC heap after
Heap after GC invocations=14 (full 4):
 PSYoungGen      total 547840K, used 341472K [0x0000000781700000, 0x00000007b8000000, 0x00000007c0000000)
  eden space 206336K, 0% used [0x0000000781700000,0x0000000781700000,0x000000078e080000)
  from space 341504K, 99% used [0x00000007a2e00000,0x00000007b7b78030,0x00000007b7b80000)
  to   space 341504K, 0% used [0x000000078e080000,0x000000078e080000,0x00000007a2e00000)
 ParOldGen       total 1117184K, used 876098K [0x0000000704400000, 0x0000000748700000, 0x0000000781700000)
  object space 1117184K, 78% used [0x0000000704400000,0x0000000739b90b78,0x0000000748700000)
 Metaspace       used 9226K, capacity 9394K, committed 9728K, reserved 1058816K
  class space    used 1096K, capacity 1177K, committed 1280K, reserved 1048576K
}
Event: 4,222 GC heap before
{Heap before GC invocations=15 (full 4):
 PSYoungGen      total 547840K, used 547808K [0x0000000781700000, 0x00000007b8000000, 0x00000007c0000000)
  eden space 206336K, 100% used [0x0000000781700000,0x000000078e080000,0x000000078e080000)
  from space 341504K, 99% used [0x00000007a2e00000,0x00000007b7b78030,0x00000007b7b80000)
  to   space 341504K, 0% used [0x000000078e080000,0x000000078e080000,0x00000007a2e00000)
 ParOldGen       total 1117184K, used 876098K [0x0000000704400000, 0x0000000748700000, 0x0000000781700000)
  object space 1117184K, 78% used [0x0000000704400000,0x0000000739b90b78,0x0000000748700000)
 Metaspace       used 9226K, capacity 9394K, committed 9728K, reserved 1058816K
  class space    used 1096K, capacity 1177K, committed 1280K, reserved 1048576K
Event: 4,418 GC heap after
Heap after GC invocations=15 (full 4):
 PSYoungGen      total 547840K, used 341504K [0x0000000781700000, 0x00000007bb800000, 0x00000007c0000000)
  eden space 206336K, 0% used [0x0000000781700000,0x0000000781700000,0x000000078e080000)
  from space 341504K, 100% used [0x000000078e080000,0x00000007a2e00000,0x00000007a2e00000)
  to   space 341504K, 0% used [0x00000007a6a80000,0x00000007a6a80000,0x00000007bb800000)
 ParOldGen       total 1117184K, used 1086250K [0x0000000704400000, 0x0000000748700000, 0x0000000781700000)
  object space 1117184K, 97% used [0x0000000704400000,0x00000007468caba8,0x0000000748700000)
 Metaspace       used 9226K, capacity 9394K, committed 9728K, reserved 1058816K
  class space    used 1096K, capacity 1177K, committed 1280K, reserved 1048576K
}
Event: 4,418 GC heap before
{Heap before GC invocations=16 (full 5):
 PSYoungGen      total 547840K, used 341504K [0x0000000781700000, 0x00000007bb800000, 0x00000007c0000000)
  eden space 206336K, 0% used [0x0000000781700000,0x0000000781700000,0x000000078e080000)
  from space 341504K, 100% used [0x000000078e080000,0x00000007a2e00000,0x00000007a2e00000)
  to   space 341504K, 0% used [0x00000007a6a80000,0x00000007a6a80000,0x00000007bb800000)
 ParOldGen       total 1117184K, used 1086250K [0x0000000704400000, 0x0000000748700000, 0x0000000781700000)
  object space 1117184K, 97% used [0x0000000704400000,0x00000007468caba8,0x0000000748700000)
 Metaspace       used 9226K, capacity 9394K, committed 9728K, reserved 1058816K
  class space    used 1096K, capacity 1177K, committed 1280K, reserved 1048576K

