# JRE version: Java(TM) SE Runtime Environment (8.0_241-b07) (build 1.8.0_241-b07)
# Java VM: Java HotSpot(TM) 64-Bit Server VM (25.241-b07 mixed mode linux-amd64 compressed oops)
Heap:
 PSYoungGen      total 482816K, used 155755K [0x0000000781700000, 0x00000007bac80000, 0x00000007c0000000)
  eden space 195584K, 0% used [0x0000000781700000,0x0000000781700000,0x000000078d600000)
  from space 287232K, 54% used [0x00000007a2380000,0x00000007abb9ae80,0x00000007b3c00000)
  to   space 341504K, 0% used [0x000000078d600000,0x000000078d600000,0x00000007a2380000)
 ParOldGen       total 732160K, used 731901K [0x0000000704400000, 0x0000000730f00000, 0x0000000781700000)
  object space 732160K, 99% used [0x0000000704400000,0x0000000730ebf420,0x0000000730f00000)
 Metaspace       used 9174K, capacity 9310K, committed 9344K, reserved 1056768K
  class space    used 1087K, capacity 1145K, committed 1152K, reserved 1048576K
GC Heap History (10 events):
Event: 1,872 GC heap after
Heap after GC invocations=7 (full 2):
 PSYoungGen      total 156672K, used 7680K [0x0000000781700000, 0x00000007a1580000, 0x00000007c0000000)
  eden space 148992K, 0% used [0x0000000781700000,0x0000000781700000,0x000000078a880000)
  from space 7680K, 100% used [0x000000078a880000,0x000000078b000000,0x000000078b000000)
  to   space 166912K, 0% used [0x0000000797280000,0x0000000797280000,0x00000007a1580000)
 ParOldGen       total 410624K, used 409279K [0x0000000704400000, 0x000000071d500000, 0x0000000781700000)
  object space 410624K, 99% used [0x0000000704400000,0x000000071d3afdc0,0x000000071d500000)
 Metaspace       used 9174K, capacity 9310K, committed 9344K, reserved 1056768K
  class space    used 1087K, capacity 1145K, committed 1152K, reserved 1048576K
}
Event: 1,872 GC heap before
{Heap before GC invocations=8 (full 3):
 PSYoungGen      total 156672K, used 7680K [0x0000000781700000, 0x00000007a1580000, 0x00000007c0000000)
  eden space 148992K, 0% used [0x0000000781700000,0x0000000781700000,0x000000078a880000)
  from space 7680K, 100% used [0x000000078a880000,0x000000078b000000,0x000000078b000000)
  to   space 166912K, 0% used [0x0000000797280000,0x0000000797280000,0x00000007a1580000)
 ParOldGen       total 410624K, used 409279K [0x0000000704400000, 0x000000071d500000, 0x0000000781700000)
  object space 410624K, 99% used [0x0000000704400000,0x000000071d3afdc0,0x000000071d500000)
 Metaspace       used 9174K, capacity 9310K, committed 9344K, reserved 1056768K
  class space    used 1087K, capacity 1145K, committed 1152K, reserved 1048576K
Event: 2,335 GC heap after
Heap after GC invocations=8 (full 3):
 PSYoungGen      total 156672K, used 0K [0x0000000781700000, 0x00000007a1580000, 0x00000007c0000000)
  eden space 148992K, 0% used [0x0000000781700000,0x0000000781700000,0x000000078a880000)
  from space 7680K, 0% used [0x000000078a880000,0x000000078a880000,0x000000078b000000)
  to   space 166912K, 0% used [0x0000000797280000,0x0000000797280000,0x00000007a1580000)
 ParOldGen       total 732160K, used 406118K [0x0000000704400000, 0x0000000730f00000, 0x0000000781700000)
  object space 732160K, 55% used [0x0000000704400000,0x000000071d099a28,0x0000000730f00000)
 Metaspace       used 9174K, capacity 9310K, committed 9344K, reserved 1056768K
  class space    used 1087K, capacity 1145K, committed 1152K, reserved 1048576K
}
Event: 2,558 GC heap before
{Heap before GC invocations=9 (full 3):
 PSYoungGen      total 156672K, used 148992K [0x0000000781700000, 0x00000007a1580000, 0x00000007c0000000)
  eden space 148992K, 100% used [0x0000000781700000,0x000000078a880000,0x000000078a880000)
  from space 7680K, 0% used [0x000000078a880000,0x000000078a880000,0x000000078b000000)
  to   space 166912K, 0% used [0x0000000797280000,0x0000000797280000,0x00000007a1580000)
 ParOldGen       total 732160K, used 406118K [0x0000000704400000, 0x0000000730f00000, 0x0000000781700000)
  object space 732160K, 55% used [0x0000000704400000,0x000000071d099a28,0x0000000730f00000)
 Metaspace       used 9174K, capacity 9310K, committed 9344K, reserved 1056768K
  class space    used 1087K, capacity 1145K, committed 1152K, reserved 1048576K
Event: 2,827 GC heap after
Heap after GC invocations=9 (full 3):
 PSYoungGen      total 333824K, used 149984K [0x0000000781700000, 0x00000007a5300000, 0x00000007c0000000)
  eden space 166912K, 0% used [0x0000000781700000,0x0000000781700000,0x000000078ba00000)
  from space 166912K, 89% used [0x0000000797280000,0x00000007a04f8000,0x00000007a1580000)
  to   space 188928K, 0% used [0x000000078ba00000,0x000000078ba00000,0x0000000797280000)
 ParOldGen       total 732160K, used 406118K [0x0000000704400000, 0x0000000730f00000, 0x0000000781700000)
  object space 732160K, 55% used [0x0000000704400000,0x000000071d099a28,0x0000000730f00000)
 Metaspace       used 9174K, capacity 9310K, committed 9344K, reserved 1056768K
  class space    used 1087K, capacity 1145K, committed 1152K, reserved 1048576K
}
Event: 3,114 GC heap before
{Heap before GC invocations=10 (full 3):
 PSYoungGen      total 333824K, used 316896K [0x0000000781700000, 0x00000007a5300000, 0x00000007c0000000)
  eden space 166912K, 100% used [0x0000000781700000,0x000000078ba00000,0x000000078ba00000)
  from space 166912K, 89% used [0x0000000797280000,0x00000007a04f8000,0x00000007a1580000)
  to   space 188928K, 0% used [0x000000078ba00000,0x000000078ba00000,0x0000000797280000)
 ParOldGen       total 732160K, used 406118K [0x0000000704400000, 0x0000000730f00000, 0x0000000781700000)
  object space 732160K, 55% used [0x0000000704400000,0x000000071d099a28,0x0000000730f00000)
 Metaspace       used 9174K, capacity 9310K, committed 9344K, reserved 1056768K
  class space    used 1087K, capacity 1145K, committed 1152K, reserved 1048576K
Event: 3,760 GC heap after
Heap after GC invocations=10 (full 3):
 PSYoungGen      total 355840K, used 188896K [0x0000000781700000, 0x00000007b3c00000, 0x00000007c0000000)
  eden space 166912K, 0% used [0x0000000781700000,0x0000000781700000,0x000000078ba00000)
  from space 188928K, 99% used [0x000000078ba00000,0x0000000797278080,0x0000000797280000)
  to   space 287232K, 0% used [0x00000007a2380000,0x00000007a2380000,0x00000007b3c00000)
 ParOldGen       total 732160K, used 536342K [0x0000000704400000, 0x0000000730f00000, 0x0000000781700000)
  object space 732160K, 73% used [0x0000000704400000,0x0000000724fc5a28,0x0000000730f00000)
 Metaspace       used 9174K, capacity 9310K, committed 9344K, reserved 1056768K
  class space    used 1087K, capacity 1145K, committed 1152K, reserved 1048576K
}
Event: 4,081 GC heap before
{Heap before GC invocations=11 (full 3):
 PSYoungGen      total 355840K, used 355808K [0x0000000781700000, 0x00000007b3c00000, 0x00000007c0000000)
  eden space 166912K, 100% used [0x0000000781700000,0x000000078ba00000,0x000000078ba00000)
  from space 188928K, 99% used [0x000000078ba00000,0x0000000797278080,0x0000000797280000)
  to   space 287232K, 0% used [0x00000007a2380000,0x00000007a2380000,0x00000007b3c00000)
 ParOldGen       total 732160K, used 536342K [0x0000000704400000, 0x0000000730f00000, 0x0000000781700000)
  object space 732160K, 73% used [0x0000000704400000,0x0000000724fc5a28,0x0000000730f00000)
 Metaspace       used 9174K, capacity 9310K, committed 9344K, reserved 1056768K
  class space    used 1087K, capacity 1145K, committed 1152K, reserved 1048576K
Event: 4,554 GC heap after
Heap after GC invocations=11 (full 3):
 PSYoungGen      total 482816K, used 287200K [0x0000000781700000, 0x00000007bac80000, 0x00000007c0000000)
  eden space 195584K, 0% used [0x0000000781700000,0x0000000781700000,0x000000078d600000)
  from space 287232K, 99% used [0x00000007a2380000,0x00000007b3bf8080,0x00000007b3c00000)
  to   space 341504K, 0% used [0x000000078d600000,0x000000078d600000,0x00000007a2380000)
 ParOldGen       total 732160K, used 606718K [0x0000000704400000, 0x0000000730f00000, 0x0000000781700000)
  object space 732160K, 82% used [0x0000000704400000,0x000000072947fa28,0x0000000730f00000)
 Metaspace       used 9174K, capacity 9310K, committed 9344K, reserved 1056768K
  class space    used 1087K, capacity 1145K, committed 1152K, reserved 1048576K
}
Event: 4,557 GC heap before
{Heap before GC invocations=12 (full 4):
 PSYoungGen      total 482816K, used 287200K [0x0000000781700000, 0x00000007bac80000, 0x00000007c0000000)
  eden space 195584K, 0% used [0x0000000781700000,0x0000000781700000,0x000000078d600000)
  from space 287232K, 99% used [0x00000007a2380000,0x00000007b3bf8080,0x00000007b3c00000)
  to   space 341504K, 0% used [0x000000078d600000,0x000000078d600000,0x00000007a2380000)
 ParOldGen       total 732160K, used 606718K [0x0000000704400000, 0x0000000730f00000, 0x0000000781700000)
  object space 732160K, 82% used [0x0000000704400000,0x000000072947fa28,0x0000000730f00000)
 Metaspace       used 9174K, capacity 9310K, committed 9344K, reserved 1056768K
  class space    used 1087K, capacity 1145K, committed 1152K, reserved 1048576K

