# JRE version: Java(TM) SE Runtime Environment (8.0_241-b07) (build 1.8.0_241-b07)
# Java VM: Java HotSpot(TM) 64-Bit Server VM (25.241-b07 mixed mode linux-amd64 compressed oops)
Heap:
 PSYoungGen      total 439808K, used 281568K [0x0000000781700000, 0x00000007b1a00000, 0x00000007c0000000)
  eden space 158208K, 0% used [0x0000000781700000,0x0000000781700000,0x000000078b180000)
  from space 281600K, 99% used [0x00000007a0700000,0x00000007b19f8080,0x00000007b1a00000)
  to   space 187904K, 0% used [0x000000078b180000,0x000000078b180000,0x0000000796900000)
 ParOldGen       total 731648K, used 592599K [0x0000000704400000, 0x0000000730e80000, 0x0000000781700000)
  object space 731648K, 80% used [0x0000000704400000,0x00000007286b5d30,0x0000000730e80000)
 Metaspace       used 9165K, capacity 9302K, committed 9344K, reserved 1056768K
  class space    used 1087K, capacity 1145K, committed 1152K, reserved 1048576K
GC Heap History (10 events):
Event: 1,553 GC heap after
Heap after GC invocations=6 (full 2):
 PSYoungGen      total 138752K, used 7680K [0x0000000781700000, 0x000000078b700000, 0x00000007c0000000)
  eden space 131072K, 0% used [0x0000000781700000,0x0000000781700000,0x0000000789700000)
  from space 7680K, 100% used [0x000000078af80000,0x000000078b700000,0x000000078b700000)
  to   space 7680K, 0% used [0x000000078a800000,0x000000078a800000,0x000000078af80000)
 ParOldGen       total 398848K, used 270339K [0x0000000704400000, 0x000000071c980000, 0x0000000781700000)
  object space 398848K, 67% used [0x0000000704400000,0x0000000714c00c30,0x000000071c980000)
 Metaspace       used 9164K, capacity 9302K, committed 9344K, reserved 1056768K
  class space    used 1087K, capacity 1145K, committed 1152K, reserved 1048576K
}
Event: 1,791 GC heap before
{Heap before GC invocations=7 (full 2):
 PSYoungGen      total 138752K, used 138752K [0x0000000781700000, 0x000000078b700000, 0x00000007c0000000)
  eden space 131072K, 100% used [0x0000000781700000,0x0000000789700000,0x0000000789700000)
  from space 7680K, 100% used [0x000000078af80000,0x000000078b700000,0x000000078b700000)
  to   space 7680K, 0% used [0x000000078a800000,0x000000078a800000,0x000000078af80000)
 ParOldGen       total 398848K, used 270339K [0x0000000704400000, 0x000000071c980000, 0x0000000781700000)
  object space 398848K, 67% used [0x0000000704400000,0x0000000714c00c30,0x000000071c980000)
 Metaspace       used 9165K, capacity 9302K, committed 9344K, reserved 1056768K
  class space    used 1087K, capacity 1145K, committed 1152K, reserved 1048576K
Event: 1,855 GC heap after
Heap after GC invocations=7 (full 2):
 PSYoungGen      total 156160K, used 7680K [0x0000000781700000, 0x00000007a0b00000, 0x00000007c0000000)
  eden space 148480K, 0% used [0x0000000781700000,0x0000000781700000,0x000000078a800000)
  from space 7680K, 100% used [0x000000078a800000,0x000000078af80000,0x000000078af80000)
  to   space 165888K, 0% used [0x0000000796900000,0x0000000796900000,0x00000007a0b00000)
 ParOldGen       total 409600K, used 407635K [0x0000000704400000, 0x000000071d400000, 0x0000000781700000)
  object space 409600K, 99% used [0x0000000704400000,0x000000071d214cb0,0x000000071d400000)
 Metaspace       used 9165K, capacity 9302K, committed 9344K, reserved 1056768K
  class space    used 1087K, capacity 1145K, committed 1152K, reserved 1048576K
}
Event: 1,855 GC heap before
{Heap before GC invocations=8 (full 3):
 PSYoungGen      total 156160K, used 7680K [0x0000000781700000, 0x00000007a0b00000, 0x00000007c0000000)
  eden space 148480K, 0% used [0x0000000781700000,0x0000000781700000,0x000000078a800000)
  from space 7680K, 100% used [0x000000078a800000,0x000000078af80000,0x000000078af80000)
  to   space 165888K, 0% used [0x0000000796900000,0x0000000796900000,0x00000007a0b00000)
 ParOldGen       total 409600K, used 407635K [0x0000000704400000, 0x000000071d400000, 0x0000000781700000)
  object space 409600K, 99% used [0x0000000704400000,0x000000071d214cb0,0x000000071d400000)
 Metaspace       used 9165K, capacity 9302K, committed 9344K, reserved 1056768K
  class space    used 1087K, capacity 1145K, committed 1152K, reserved 1048576K
Event: 2,274 GC heap after
Heap after GC invocations=8 (full 3):
 PSYoungGen      total 156160K, used 0K [0x0000000781700000, 0x00000007a0b00000, 0x00000007c0000000)
  eden space 148480K, 0% used [0x0000000781700000,0x0000000781700000,0x000000078a800000)
  from space 7680K, 0% used [0x000000078a800000,0x000000078a800000,0x000000078af80000)
  to   space 165888K, 0% used [0x0000000796900000,0x0000000796900000,0x00000007a0b00000)
 ParOldGen       total 731648K, used 404535K [0x0000000704400000, 0x0000000730e80000, 0x0000000781700000)
  object space 731648K, 55% used [0x0000000704400000,0x000000071cf0dd30,0x0000000730e80000)
 Metaspace       used 9165K, capacity 9302K, committed 9344K, reserved 1056768K
  class space    used 1087K, capacity 1145K, committed 1152K, reserved 1048576K
}
Event: 2,529 GC heap before
{Heap before GC invocations=9 (full 3):
 PSYoungGen      total 156160K, used 148480K [0x0000000781700000, 0x00000007a0b00000, 0x00000007c0000000)
  eden space 148480K, 100% used [0x0000000781700000,0x000000078a800000,0x000000078a800000)
  from space 7680K, 0% used [0x000000078a800000,0x000000078a800000,0x000000078af80000)
  to   space 165888K, 0% used [0x0000000796900000,0x0000000796900000,0x00000007a0b00000)
 ParOldGen       total 731648K, used 404535K [0x0000000704400000, 0x0000000730e80000, 0x0000000781700000)
  object space 731648K, 55% used [0x0000000704400000,0x000000071cf0dd30,0x0000000730e80000)
 Metaspace       used 9165K, capacity 9302K, committed 9344K, reserved 1056768K
  class space    used 1087K, capacity 1145K, committed 1152K, reserved 1048576K
Event: 2,638 GC heap after
Heap after GC invocations=9 (full 3):
 PSYoungGen      total 324096K, used 149440K [0x0000000781700000, 0x00000007a4580000, 0x00000007c0000000)
  eden space 158208K, 0% used [0x0000000781700000,0x0000000781700000,0x000000078b180000)
  from space 165888K, 90% used [0x0000000796900000,0x000000079faf0000,0x00000007a0b00000)
  to   space 187904K, 0% used [0x000000078b180000,0x000000078b180000,0x0000000796900000)
 ParOldGen       total 731648K, used 404535K [0x0000000704400000, 0x0000000730e80000, 0x0000000781700000)
  object space 731648K, 55% used [0x0000000704400000,0x000000071cf0dd30,0x0000000730e80000)
 Metaspace       used 9165K, capacity 9302K, committed 9344K, reserved 1056768K
  class space    used 1087K, capacity 1145K, committed 1152K, reserved 1048576K
}
Event: 2,908 GC heap before
{Heap before GC invocations=10 (full 3):
 PSYoungGen      total 324096K, used 307648K [0x0000000781700000, 0x00000007a4580000, 0x00000007c0000000)
  eden space 158208K, 100% used [0x0000000781700000,0x000000078b180000,0x000000078b180000)
  from space 165888K, 90% used [0x0000000796900000,0x000000079faf0000,0x00000007a0b00000)
  to   space 187904K, 0% used [0x000000078b180000,0x000000078b180000,0x0000000796900000)
 ParOldGen       total 731648K, used 404535K [0x0000000704400000, 0x0000000730e80000, 0x0000000781700000)
  object space 731648K, 55% used [0x0000000704400000,0x000000071cf0dd30,0x0000000730e80000)
 Metaspace       used 9165K, capacity 9302K, committed 9344K, reserved 1056768K
  class space    used 1087K, capacity 1145K, committed 1152K, reserved 1048576K
Event: 3,193 GC heap after
Heap after GC invocations=10 (full 3):
 PSYoungGen      total 346112K, used 187872K [0x0000000781700000, 0x00000007b1a00000, 0x00000007c0000000)
  eden space 158208K, 0% used [0x0000000781700000,0x0000000781700000,0x000000078b180000)
  from space 187904K, 99% used [0x000000078b180000,0x00000007968f8080,0x0000000796900000)
  to   space 281600K, 0% used [0x00000007a0700000,0x00000007a0700000,0x00000007b1a00000)
 ParOldGen       total 731648K, used 526431K [0x0000000704400000, 0x0000000730e80000, 0x0000000781700000)
  object space 731648K, 71% used [0x0000000704400000,0x0000000724617d30,0x0000000730e80000)
 Metaspace       used 9165K, capacity 9302K, committed 9344K, reserved 1056768K
  class space    used 1087K, capacity 1145K, committed 1152K, reserved 1048576K
}
Event: 3,467 GC heap before
{Heap before GC invocations=11 (full 3):
 PSYoungGen      total 346112K, used 346080K [0x0000000781700000, 0x00000007b1a00000, 0x00000007c0000000)
  eden space 158208K, 100% used [0x0000000781700000,0x000000078b180000,0x000000078b180000)
  from space 187904K, 99% used [0x000000078b180000,0x00000007968f8080,0x0000000796900000)
  to   space 281600K, 0% used [0x00000007a0700000,0x00000007a0700000,0x00000007b1a00000)
 ParOldGen       total 731648K, used 526431K [0x0000000704400000, 0x0000000730e80000, 0x0000000781700000)
  object space 731648K, 71% used [0x0000000704400000,0x0000000724617d30,0x0000000730e80000)
 Metaspace       used 9165K, capacity 9302K, committed 9344K, reserved 1056768K
  class space    used 1087K, capacity 1145K, committed 1152K, reserved 1048576K

