# JRE version: Java(TM) SE Runtime Environment (8.0_241-b07) (build 1.8.0_241-b07)
# Java VM: Java HotSpot(TM) 64-Bit Server VM (25.241-b07 mixed mode linux-amd64 compressed oops)
Heap:
 PSYoungGen      total 351232K, used 187360K [0x0000000781700000, 0x00000007a4280000, 0x00000007c0000000)
  eden space 163840K, 0% used [0x0000000781700000,0x0000000781700000,0x000000078b700000)
  from space 187392K, 99% used [0x000000078b700000,0x0000000796df8080,0x0000000796e00000)
  to   space 166400K, 0% used [0x0000000796e00000,0x0000000796e00000,0x00000007a1080000)
 ParOldGen       total 735232K, used 531679K [0x0000000704400000, 0x0000000731200000, 0x0000000781700000)
  object space 735232K, 72% used [0x0000000704400000,0x0000000724b37df0,0x0000000731200000)
 Metaspace       used 9165K, capacity 9302K, committed 9344K, reserved 1056768K
  class space    used 1087K, capacity 1145K, committed 1152K, reserved 1048576K
GC Heap History (10 events):
Event: 1,307 GC heap after
Heap after GC invocations=5 (full 2):
 PSYoungGen      total 104960K, used 0K [0x0000000781700000, 0x000000078b500000, 0x00000007c0000000)
  eden space 97280K, 0% used [0x0000000781700000,0x0000000781700000,0x0000000787600000)
  from space 7680K, 0% used [0x0000000787600000,0x0000000787600000,0x0000000787d80000)
  to   space 7680K, 0% used [0x000000078ad80000,0x000000078ad80000,0x000000078b500000)
 ParOldGen       total 401408K, used 176975K [0x0000000704400000, 0x000000071cc00000, 0x0000000781700000)
  object space 401408K, 44% used [0x0000000704400000,0x000000070f0d3d48,0x000000071cc00000)
 Metaspace       used 9165K, capacity 9302K, committed 9344K, reserved 1056768K
  class space    used 1087K, capacity 1145K, committed 1152K, reserved 1048576K
}
Event: 1,452 GC heap before
{Heap before GC invocations=6 (full 2):
 PSYoungGen      total 104960K, used 97280K [0x0000000781700000, 0x000000078b500000, 0x00000007c0000000)
  eden space 97280K, 100% used [0x0000000781700000,0x0000000787600000,0x0000000787600000)
  from space 7680K, 0% used [0x0000000787600000,0x0000000787600000,0x0000000787d80000)
  to   space 7680K, 0% used [0x000000078ad80000,0x000000078ad80000,0x000000078b500000)
 ParOldGen       total 401408K, used 176975K [0x0000000704400000, 0x000000071cc00000, 0x0000000781700000)
  object space 401408K, 44% used [0x0000000704400000,0x000000070f0d3d48,0x000000071cc00000)
 Metaspace       used 9165K, capacity 9302K, committed 9344K, reserved 1056768K
  class space    used 1087K, capacity 1145K, committed 1152K, reserved 1048576K
Event: 1,503 GC heap after
Heap after GC invocations=6 (full 2):
 PSYoungGen      total 139776K, used 7680K [0x0000000781700000, 0x000000078b500000, 0x00000007c0000000)
  eden space 132096K, 0% used [0x0000000781700000,0x0000000781700000,0x0000000789800000)
  from space 7680K, 100% used [0x000000078ad80000,0x000000078b500000,0x000000078b500000)
  to   space 7680K, 0% used [0x000000078a600000,0x000000078a600000,0x000000078ad80000)
 ParOldGen       total 401408K, used 270343K [0x0000000704400000, 0x000000071cc00000, 0x0000000781700000)
  object space 401408K, 67% used [0x0000000704400000,0x0000000714c01d48,0x000000071cc00000)
 Metaspace       used 9165K, capacity 9302K, committed 9344K, reserved 1056768K
  class space    used 1087K, capacity 1145K, committed 1152K, reserved 1048576K
}
Event: 1,704 GC heap before
{Heap before GC invocations=7 (full 2):
 PSYoungGen      total 139776K, used 139776K [0x0000000781700000, 0x000000078b500000, 0x00000007c0000000)
  eden space 132096K, 100% used [0x0000000781700000,0x0000000789800000,0x0000000789800000)
  from space 7680K, 100% used [0x000000078ad80000,0x000000078b500000,0x000000078b500000)
  to   space 7680K, 0% used [0x000000078a600000,0x000000078a600000,0x000000078ad80000)
 ParOldGen       total 401408K, used 270343K [0x0000000704400000, 0x000000071cc00000, 0x0000000781700000)
  object space 401408K, 67% used [0x0000000704400000,0x0000000714c01d48,0x000000071cc00000)
 Metaspace       used 9165K, capacity 9302K, committed 9344K, reserved 1056768K
  class space    used 1087K, capacity 1145K, committed 1152K, reserved 1048576K
Event: 1,767 GC heap after
Heap after GC invocations=7 (full 2):
 PSYoungGen      total 154112K, used 7680K [0x0000000781700000, 0x00000007a1080000, 0x00000007c0000000)
  eden space 146432K, 0% used [0x0000000781700000,0x0000000781700000,0x000000078a600000)
  from space 7680K, 100% used [0x000000078a600000,0x000000078ad80000,0x000000078ad80000)
  to   space 166400K, 0% used [0x0000000796e00000,0x0000000796e00000,0x00000007a1080000)
 ParOldGen       total 409600K, used 408663K [0x0000000704400000, 0x000000071d400000, 0x0000000781700000)
  object space 409600K, 99% used [0x0000000704400000,0x000000071d315dc8,0x000000071d400000)
 Metaspace       used 9165K, capacity 9302K, committed 9344K, reserved 1056768K
  class space    used 1087K, capacity 1145K, committed 1152K, reserved 1048576K
}
Event: 1,767 GC heap before
{Heap before GC invocations=8 (full 3):
 PSYoungGen      total 154112K, used 7680K [0x0000000781700000, 0x00000007a1080000, 0x00000007c0000000)
  eden space 146432K, 0% used [0x0000000781700000,0x0000000781700000,0x000000078a600000)
  from space 7680K, 100% used [0x000000078a600000,0x000000078ad80000,0x000000078ad80000)
  to   space 166400K, 0% used [0x0000000796e00000,0x0000000796e00000,0x00000007a1080000)
 ParOldGen       total 409600K, used 408663K [0x0000000704400000, 0x000000071d400000, 0x0000000781700000)
  object space 409600K, 99% used [0x0000000704400000,0x000000071d315dc8,0x000000071d400000)
 Metaspace       used 9165K, capacity 9302K, committed 9344K, reserved 1056768K
  class space    used 1087K, capacity 1145K, committed 1152K, reserved 1048576K
Event: 2,120 GC heap after
Heap after GC invocations=8 (full 3):
 PSYoungGen      total 154112K, used 0K [0x0000000781700000, 0x00000007a1080000, 0x00000007c0000000)
  eden space 146432K, 0% used [0x0000000781700000,0x0000000781700000,0x000000078a600000)
  from space 7680K, 0% used [0x000000078a600000,0x000000078a600000,0x000000078ad80000)
  to   space 166400K, 0% used [0x0000000796e00000,0x0000000796e00000,0x00000007a1080000)
 ParOldGen       total 735232K, used 405607K [0x0000000704400000, 0x0000000731200000, 0x0000000781700000)
  object space 735232K, 55% used [0x0000000704400000,0x000000071d019df0,0x0000000731200000)
 Metaspace       used 9165K, capacity 9302K, committed 9344K, reserved 1056768K
  class space    used 1087K, capacity 1145K, committed 1152K, reserved 1048576K
}
Event: 2,339 GC heap before
{Heap before GC invocations=9 (full 3):
 PSYoungGen      total 154112K, used 146432K [0x0000000781700000, 0x00000007a1080000, 0x00000007c0000000)
  eden space 146432K, 100% used [0x0000000781700000,0x000000078a600000,0x000000078a600000)
  from space 7680K, 0% used [0x000000078a600000,0x000000078a600000,0x000000078ad80000)
  to   space 166400K, 0% used [0x0000000796e00000,0x0000000796e00000,0x00000007a1080000)
 ParOldGen       total 735232K, used 405607K [0x0000000704400000, 0x0000000731200000, 0x0000000781700000)
  object space 735232K, 55% used [0x0000000704400000,0x000000071d019df0,0x0000000731200000)
 Metaspace       used 9165K, capacity 9302K, committed 9344K, reserved 1056768K
  class space    used 1087K, capacity 1145K, committed 1152K, reserved 1048576K
Event: 2,404 GC heap after
Heap after GC invocations=9 (full 3):
 PSYoungGen      total 330240K, used 147392K [0x0000000781700000, 0x00000007a4280000, 0x00000007c0000000)
  eden space 163840K, 0% used [0x0000000781700000,0x0000000781700000,0x000000078b700000)
  from space 166400K, 88% used [0x0000000796e00000,0x000000079fdf0000,0x00000007a1080000)
  to   space 187392K, 0% used [0x000000078b700000,0x000000078b700000,0x0000000796e00000)
 ParOldGen       total 735232K, used 405607K [0x0000000704400000, 0x0000000731200000, 0x0000000781700000)
  object space 735232K, 55% used [0x0000000704400000,0x000000071d019df0,0x0000000731200000)
 Metaspace       used 9165K, capacity 9302K, committed 9344K, reserved 1056768K
  class space    used 1087K, capacity 1145K, committed 1152K, reserved 1048576K
}
Event: 2,647 GC heap before
{Heap before GC invocations=10 (full 3):
 PSYoungGen      total 330240K, used 311232K [0x0000000781700000, 0x00000007a4280000, 0x00000007c0000000)
  eden space 163840K, 100% used [0x0000000781700000,0x000000078b700000,0x000000078b700000)
  from space 166400K, 88% used [0x0000000796e00000,0x000000079fdf0000,0x00000007a1080000)
  to   space 187392K, 0% used [0x000000078b700000,0x000000078b700000,0x0000000796e00000)
 ParOldGen       total 735232K, used 405607K [0x0000000704400000, 0x0000000731200000, 0x0000000781700000)
  object space 735232K, 55% used [0x0000000704400000,0x000000071d019df0,0x0000000731200000)
 Metaspace       used 9165K, capacity 9302K, committed 9344K, reserved 1056768K
  class space    used 1087K, capacity 1145K, committed 1152K, reserved 1048576K

