# JRE version: Java(TM) SE Runtime Environment (8.0_241-b07) (build 1.8.0_241-b07)
# Java VM: Java HotSpot(TM) 64-Bit Server VM (25.241-b07 mixed mode linux-amd64 compressed oops)
Heap:
 PSYoungGen      total 572416K, used 36054K [0x0000000781700000, 0x00000007bd300000, 0x00000007c0000000)
  eden space 230912K, 0% used [0x0000000781700000,0x0000000781700000,0x000000078f880000)
  from space 341504K, 10% used [0x000000078f880000,0x0000000791bb58c0,0x00000007a4600000)
  to   space 341504K, 0% used [0x00000007a8580000,0x00000007a8580000,0x00000007bd300000)
 ParOldGen       total 1601536K, used 1601308K [0x0000000704400000, 0x0000000766000000, 0x0000000781700000)
  object space 1601536K, 99% used [0x0000000704400000,0x0000000765fc7060,0x0000000766000000)
 Metaspace       used 9236K, capacity 9402K, committed 9728K, reserved 1058816K
  class space    used 1096K, capacity 1177K, committed 1280K, reserved 1048576K
GC Heap History (10 events):
Event: 4,414 GC heap after
Heap after GC invocations=14 (full 4):
 PSYoungGen      total 527872K, used 341472K [0x0000000781700000, 0x00000007b6c80000, 0x00000007c0000000)
  eden space 186368K, 0% used [0x0000000781700000,0x0000000781700000,0x000000078cd00000)
  from space 341504K, 99% used [0x00000007a1a80000,0x00000007b67f8010,0x00000007b6800000)
  to   space 341504K, 0% used [0x000000078cd00000,0x000000078cd00000,0x00000007a1a80000)
 ParOldGen       total 1125888K, used 827388K [0x0000000704400000, 0x0000000748f80000, 0x0000000781700000)
  object space 1125888K, 73% used [0x0000000704400000,0x0000000736bff040,0x0000000748f80000)
 Metaspace       used 9218K, capacity 9402K, committed 9728K, reserved 1058816K
  class space    used 1096K, capacity 1177K, committed 1280K, reserved 1048576K
}
Event: 4,618 GC heap before
{Heap before GC invocations=15 (full 4):
 PSYoungGen      total 527872K, used 527840K [0x0000000781700000, 0x00000007b6c80000, 0x00000007c0000000)
  eden space 186368K, 100% used [0x0000000781700000,0x000000078cd00000,0x000000078cd00000)
  from space 341504K, 99% used [0x00000007a1a80000,0x00000007b67f8010,0x00000007b6800000)
  to   space 341504K, 0% used [0x000000078cd00000,0x000000078cd00000,0x00000007a1a80000)
 ParOldGen       total 1125888K, used 827388K [0x0000000704400000, 0x0000000748f80000, 0x0000000781700000)
  object space 1125888K, 73% used [0x0000000704400000,0x0000000736bff040,0x0000000748f80000)
 Metaspace       used 9236K, capacity 9402K, committed 9728K, reserved 1058816K
  class space    used 1096K, capacity 1177K, committed 1280K, reserved 1048576K
Event: 4,812 GC heap after
Heap after GC invocations=15 (full 4):
 PSYoungGen      total 527872K, used 341504K [0x0000000781700000, 0x00000007b9c80000, 0x00000007c0000000)
  eden space 186368K, 0% used [0x0000000781700000,0x0000000781700000,0x000000078cd00000)
  from space 341504K, 100% used [0x000000078cd00000,0x00000007a1a80000,0x00000007a1a80000)
  to   space 341504K, 0% used [0x00000007a4f00000,0x00000007a4f00000,0x00000007b9c80000)
 ParOldGen       total 1125888K, used 1016788K [0x0000000704400000, 0x0000000748f80000, 0x0000000781700000)
  object space 1125888K, 90% used [0x0000000704400000,0x00000007424f5050,0x0000000748f80000)
 Metaspace       used 9236K, capacity 9402K, committed 9728K, reserved 1058816K
  class space    used 1096K, capacity 1177K, committed 1280K, reserved 1048576K
}
Event: 4,812 GC heap before
{Heap before GC invocations=16 (full 5):
 PSYoungGen      total 527872K, used 341504K [0x0000000781700000, 0x00000007b9c80000, 0x00000007c0000000)
  eden space 186368K, 0% used [0x0000000781700000,0x0000000781700000,0x000000078cd00000)
  from space 341504K, 100% used [0x000000078cd00000,0x00000007a1a80000,0x00000007a1a80000)
  to   space 341504K, 0% used [0x00000007a4f00000,0x00000007a4f00000,0x00000007b9c80000)
 ParOldGen       total 1125888K, used 1016788K [0x0000000704400000, 0x0000000748f80000, 0x0000000781700000)
  object space 1125888K, 90% used [0x0000000704400000,0x00000007424f5050,0x0000000748f80000)
 Metaspace       used 9236K, capacity 9402K, committed 9728K, reserved 1058816K
  class space    used 1096K, capacity 1177K, committed 1280K, reserved 1048576K
Event: 6,386 GC heap after
Heap after GC invocations=16 (full 5):
 PSYoungGen      total 527872K, used 187598K [0x0000000781700000, 0x00000007b9c80000, 0x00000007c0000000)
  eden space 186368K, 0% used [0x0000000781700000,0x0000000781700000,0x000000078cd00000)
  from space 341504K, 54% used [0x000000078cd00000,0x0000000798433888,0x00000007a1a80000)
  to   space 341504K, 0% used [0x00000007a4f00000,0x00000007a4f00000,0x00000007b9c80000)
 ParOldGen       total 1601536K, used 1125410K [0x0000000704400000, 0x0000000766000000, 0x0000000781700000)
  object space 1601536K, 70% used [0x0000000704400000,0x0000000748f08a38,0x0000000766000000)
 Metaspace       used 9236K, capacity 9402K, committed 9728K, reserved 1058816K
  class space    used 1096K, capacity 1177K, committed 1280K, reserved 1048576K
}
Event: 6,546 GC heap before
{Heap before GC invocations=17 (full 5):
 PSYoungGen      total 527872K, used 373966K [0x0000000781700000, 0x00000007b9c80000, 0x00000007c0000000)
  eden space 186368K, 100% used [0x0000000781700000,0x000000078cd00000,0x000000078cd00000)
  from space 341504K, 54% used [0x000000078cd00000,0x0000000798433888,0x00000007a1a80000)
  to   space 341504K, 0% used [0x00000007a4f00000,0x00000007a4f00000,0x00000007b9c80000)
 ParOldGen       total 1601536K, used 1125410K [0x0000000704400000, 0x0000000766000000, 0x0000000781700000)
  object space 1601536K, 70% used [0x0000000704400000,0x0000000748f08a38,0x0000000766000000)
 Metaspace       used 9236K, capacity 9402K, committed 9728K, reserved 1058816K
  class space    used 1096K, capacity 1177K, committed 1280K, reserved 1048576K
Event: 6,789 GC heap after
Heap after GC invocations=17 (full 5):
 PSYoungGen      total 563200K, used 294848K [0x0000000781700000, 0x00000007b9380000, 0x00000007c0000000)
  eden space 230912K, 0% used [0x0000000781700000,0x0000000781700000,0x000000078f880000)
  from space 332288K, 88% used [0x00000007a4f00000,0x00000007b6ef0000,0x00000007b9380000)
  to   space 341504K, 0% used [0x000000078f880000,0x000000078f880000,0x00000007a4600000)
 ParOldGen       total 1601536K, used 1205930K [0x0000000704400000, 0x0000000766000000, 0x0000000781700000)
  object space 1601536K, 75% used [0x0000000704400000,0x000000074ddaaa38,0x0000000766000000)
 Metaspace       used 9236K, capacity 9402K, committed 9728K, reserved 1058816K
  class space    used 1096K, capacity 1177K, committed 1280K, reserved 1048576K
}
Event: 6,980 GC heap before
{Heap before GC invocations=18 (full 5):
 PSYoungGen      total 563200K, used 525760K [0x0000000781700000, 0x00000007b9380000, 0x00000007c0000000)
  eden space 230912K, 100% used [0x0000000781700000,0x000000078f880000,0x000000078f880000)
  from space 332288K, 88% used [0x00000007a4f00000,0x00000007b6ef0000,0x00000007b9380000)
  to   space 341504K, 0% used [0x000000078f880000,0x000000078f880000,0x00000007a4600000)
 ParOldGen       total 1601536K, used 1205930K [0x0000000704400000, 0x0000000766000000, 0x0000000781700000)
  object space 1601536K, 75% used [0x0000000704400000,0x000000074ddaaa38,0x0000000766000000)
 Metaspace       used 9236K, capacity 9402K, committed 9728K, reserved 1058816K
  class space    used 1096K, capacity 1177K, committed 1280K, reserved 1048576K
Event: 7,279 GC heap after
Heap after GC invocations=18 (full 5):
 PSYoungGen      total 572416K, used 231232K [0x0000000781700000, 0x00000007bd300000, 0x00000007c0000000)
  eden space 230912K, 0% used [0x0000000781700000,0x0000000781700000,0x000000078f880000)
  from space 341504K, 67% used [0x000000078f880000,0x000000079da50000,0x00000007a4600000)
  to   space 341504K, 0% used [0x00000007a8580000,0x00000007a8580000,0x00000007bd300000)
 ParOldGen       total 1601536K, used 1501738K [0x0000000704400000, 0x0000000766000000, 0x0000000781700000)
  object space 1601536K, 93% used [0x0000000704400000,0x000000075fe8aa38,0x0000000766000000)
 Metaspace       used 9236K, capacity 9402K, committed 9728K, reserved 1058816K
  class space    used 1096K, capacity 1177K, committed 1280K, reserved 1048576K
}
Event: 7,279 GC heap before
{Heap before GC invocations=19 (full 6):
 PSYoungGen      total 572416K, used 231232K [0x0000000781700000, 0x00000007bd300000, 0x00000007c0000000)
  eden space 230912K, 0% used [0x0000000781700000,0x0000000781700000,0x000000078f880000)
  from space 341504K, 67% used [0x000000078f880000,0x000000079da50000,0x00000007a4600000)
  to   space 341504K, 0% used [0x00000007a8580000,0x00000007a8580000,0x00000007bd300000)
 ParOldGen       total 1601536K, used 1501738K [0x0000000704400000, 0x0000000766000000, 0x0000000781700000)
  object space 1601536K, 93% used [0x0000000704400000,0x000000075fe8aa38,0x0000000766000000)
 Metaspace       used 9236K, capacity 9402K, committed 9728K, reserved 1058816K
  class space    used 1096K, capacity 1177K, committed 1280K, reserved 1048576K

