# JRE version: Java(TM) SE Runtime Environment (8.0_241-b07) (build 1.8.0_241-b07)
# Java VM: Java HotSpot(TM) 64-Bit Server VM (25.241-b07 mixed mode linux-amd64 compressed oops)
Heap:
 PSYoungGen      total 545280K, used 243111K [0x0000000781700000, 0x00000007bb500000, 0x00000007c0000000)
  eden space 203776K, 0% used [0x0000000781700000,0x0000000781700000,0x000000078de00000)
  from space 341504K, 71% used [0x000000078de00000,0x000000079cb69ce8,0x00000007a2b80000)
  to   space 341504K, 0% used [0x00000007a6780000,0x00000007a6780000,0x00000007bb500000)
 ParOldGen       total 1115648K, used 1115236K [0x0000000704400000, 0x0000000748580000, 0x0000000781700000)
  object space 1115648K, 99% used [0x0000000704400000,0x00000007485192a0,0x0000000748580000)
 Metaspace       used 9230K, capacity 9398K, committed 9728K, reserved 1058816K
  class space    used 1096K, capacity 1177K, committed 1280K, reserved 1048576K
GC Heap History (10 events):
Event: 2,933 GC heap after
Heap after GC invocations=11 (full 3):
 PSYoungGen      total 449536K, used 284128K [0x0000000781700000, 0x00000007b9280000, 0x00000007c0000000)
  eden space 165376K, 0% used [0x0000000781700000,0x0000000781700000,0x000000078b880000)
  from space 284160K, 99% used [0x00000007a0600000,0x00000007b1b78080,0x00000007b1b80000)
  to   space 341504K, 0% used [0x000000078b880000,0x000000078b880000,0x00000007a0600000)
 ParOldGen       total 733184K, used 597943K [0x0000000704400000, 0x0000000731000000, 0x0000000781700000)
  object space 733184K, 81% used [0x0000000704400000,0x0000000728bedfd8,0x0000000731000000)
 Metaspace       used 9167K, capacity 9302K, committed 9344K, reserved 1056768K
  class space    used 1087K, capacity 1145K, committed 1152K, reserved 1048576K
}
Event: 2,933 GC heap before
{Heap before GC invocations=12 (full 4):
 PSYoungGen      total 449536K, used 284128K [0x0000000781700000, 0x00000007b9280000, 0x00000007c0000000)
  eden space 165376K, 0% used [0x0000000781700000,0x0000000781700000,0x000000078b880000)
  from space 284160K, 99% used [0x00000007a0600000,0x00000007b1b78080,0x00000007b1b80000)
  to   space 341504K, 0% used [0x000000078b880000,0x000000078b880000,0x00000007a0600000)
 ParOldGen       total 733184K, used 597943K [0x0000000704400000, 0x0000000731000000, 0x0000000781700000)
  object space 733184K, 81% used [0x0000000704400000,0x0000000728bedfd8,0x0000000731000000)
 Metaspace       used 9167K, capacity 9302K, committed 9344K, reserved 1056768K
  class space    used 1087K, capacity 1145K, committed 1152K, reserved 1048576K
Event: 3,449 GC heap after
Heap after GC invocations=12 (full 4):
 PSYoungGen      total 449536K, used 143207K [0x0000000781700000, 0x00000007b9280000, 0x00000007c0000000)
  eden space 165376K, 0% used [0x0000000781700000,0x0000000781700000,0x000000078b880000)
  from space 284160K, 50% used [0x00000007a0600000,0x00000007a91d9e78,0x00000007b1b80000)
  to   space 341504K, 0% used [0x000000078b880000,0x000000078b880000,0x00000007a0600000)
 ParOldGen       total 1115648K, used 732683K [0x0000000704400000, 0x0000000748580000, 0x0000000781700000)
  object space 1115648K, 65% used [0x0000000704400000,0x0000000730f82d78,0x0000000748580000)
 Metaspace       used 9167K, capacity 9302K, committed 9344K, reserved 1056768K
  class space    used 1087K, capacity 1145K, committed 1152K, reserved 1048576K
}
Event: 3,695 GC heap before
{Heap before GC invocations=13 (full 4):
 PSYoungGen      total 449536K, used 308583K [0x0000000781700000, 0x00000007b9280000, 0x00000007c0000000)
  eden space 165376K, 100% used [0x0000000781700000,0x000000078b880000,0x000000078b880000)
  from space 284160K, 50% used [0x00000007a0600000,0x00000007a91d9e78,0x00000007b1b80000)
  to   space 341504K, 0% used [0x000000078b880000,0x000000078b880000,0x00000007a0600000)
 ParOldGen       total 1115648K, used 732683K [0x0000000704400000, 0x0000000748580000, 0x0000000781700000)
  object space 1115648K, 65% used [0x0000000704400000,0x0000000730f82d78,0x0000000748580000)
 Metaspace       used 9167K, capacity 9302K, committed 9344K, reserved 1056768K
  class space    used 1087K, capacity 1145K, committed 1152K, reserved 1048576K
Event: 3,802 GC heap after
Heap after GC invocations=13 (full 4):
 PSYoungGen      total 506880K, used 310656K [0x0000000781700000, 0x00000007b7900000, 0x00000007c0000000)
  eden space 165376K, 0% used [0x0000000781700000,0x0000000781700000,0x000000078b880000)
  from space 341504K, 90% used [0x000000078b880000,0x000000079e7e0020,0x00000007a0600000)
  to   space 341504K, 0% used [0x00000007a2b80000,0x00000007a2b80000,0x00000007b7900000)
 ParOldGen       total 1115648K, used 732683K [0x0000000704400000, 0x0000000748580000, 0x0000000781700000)
  object space 1115648K, 65% used [0x0000000704400000,0x0000000730f82d78,0x0000000748580000)
 Metaspace       used 9167K, capacity 9302K, committed 9344K, reserved 1056768K
  class space    used 1087K, capacity 1145K, committed 1152K, reserved 1048576K
}
Event: 4,070 GC heap before
{Heap before GC invocations=14 (full 4):
 PSYoungGen      total 506880K, used 476032K [0x0000000781700000, 0x00000007b7900000, 0x00000007c0000000)
  eden space 165376K, 100% used [0x0000000781700000,0x000000078b880000,0x000000078b880000)
  from space 341504K, 90% used [0x000000078b880000,0x000000079e7e0020,0x00000007a0600000)
  to   space 341504K, 0% used [0x00000007a2b80000,0x00000007a2b80000,0x00000007b7900000)
 ParOldGen       total 1115648K, used 732683K [0x0000000704400000, 0x0000000748580000, 0x0000000781700000)
  object space 1115648K, 65% used [0x0000000704400000,0x0000000730f82d78,0x0000000748580000)
 Metaspace       used 9230K, capacity 9398K, committed 9728K, reserved 1058816K
  class space    used 1096K, capacity 1177K, committed 1280K, reserved 1048576K
Event: 4,210 GC heap after
Heap after GC invocations=14 (full 4):
 PSYoungGen      total 545280K, used 341472K [0x0000000781700000, 0x00000007b7d80000, 0x00000007c0000000)
  eden space 203776K, 0% used [0x0000000781700000,0x0000000781700000,0x000000078de00000)
  from space 341504K, 99% used [0x00000007a2b80000,0x00000007b78f8020,0x00000007b7900000)
  to   space 341504K, 0% used [0x000000078de00000,0x000000078de00000,0x00000007a2b80000)
 ParOldGen       total 1115648K, used 871235K [0x0000000704400000, 0x0000000748580000, 0x0000000781700000)
  object space 1115648K, 78% used [0x0000000704400000,0x00000007396d0d78,0x0000000748580000)
 Metaspace       used 9230K, capacity 9398K, committed 9728K, reserved 1058816K
  class space    used 1096K, capacity 1177K, committed 1280K, reserved 1048576K
}
Event: 4,377 GC heap before
{Heap before GC invocations=15 (full 4):
 PSYoungGen      total 545280K, used 545248K [0x0000000781700000, 0x00000007b7d80000, 0x00000007c0000000)
  eden space 203776K, 100% used [0x0000000781700000,0x000000078de00000,0x000000078de00000)
  from space 341504K, 99% used [0x00000007a2b80000,0x00000007b78f8020,0x00000007b7900000)
  to   space 341504K, 0% used [0x000000078de00000,0x000000078de00000,0x00000007a2b80000)
 ParOldGen       total 1115648K, used 871235K [0x0000000704400000, 0x0000000748580000, 0x0000000781700000)
  object space 1115648K, 78% used [0x0000000704400000,0x00000007396d0d78,0x0000000748580000)
 Metaspace       used 9230K, capacity 9398K, committed 9728K, reserved 1058816K
  class space    used 1096K, capacity 1177K, committed 1280K, reserved 1048576K
Event: 4,565 GC heap after
Heap after GC invocations=15 (full 4):
 PSYoungGen      total 545280K, used 341504K [0x0000000781700000, 0x00000007bb500000, 0x00000007c0000000)
  eden space 203776K, 0% used [0x0000000781700000,0x0000000781700000,0x000000078de00000)
  from space 341504K, 100% used [0x000000078de00000,0x00000007a2b80000,0x00000007a2b80000)
  to   space 341504K, 0% used [0x00000007a6780000,0x00000007a6780000,0x00000007bb500000)
 ParOldGen       total 1115648K, used 1079739K [0x0000000704400000, 0x0000000748580000, 0x0000000781700000)
  object space 1115648K, 96% used [0x0000000704400000,0x000000074626ed98,0x0000000748580000)
 Metaspace       used 9230K, capacity 9398K, committed 9728K, reserved 1058816K
  class space    used 1096K, capacity 1177K, committed 1280K, reserved 1048576K
}
Event: 4,565 GC heap before
{Heap before GC invocations=16 (full 5):
 PSYoungGen      total 545280K, used 341504K [0x0000000781700000, 0x00000007bb500000, 0x00000007c0000000)
  eden space 203776K, 0% used [0x0000000781700000,0x0000000781700000,0x000000078de00000)
  from space 341504K, 100% used [0x000000078de00000,0x00000007a2b80000,0x00000007a2b80000)
  to   space 341504K, 0% used [0x00000007a6780000,0x00000007a6780000,0x00000007bb500000)
 ParOldGen       total 1115648K, used 1079739K [0x0000000704400000, 0x0000000748580000, 0x0000000781700000)
  object space 1115648K, 96% used [0x0000000704400000,0x000000074626ed98,0x0000000748580000)
 Metaspace       used 9230K, capacity 9398K, committed 9728K, reserved 1058816K
  class space    used 1096K, capacity 1177K, committed 1280K, reserved 1048576K

