# JRE version: Java(TM) SE Runtime Environment (8.0_241-b07) (build 1.8.0_241-b07)
# Java VM: Java HotSpot(TM) 64-Bit Server VM (25.241-b07 mixed mode linux-amd64 compressed oops)
Heap:
 PSYoungGen      total 284672K, used 0K [0x00000000d5580000, 0x00000000f0600000, 0x0000000100000000)
  eden space 263168K, 0% used [0x00000000d5580000,0x00000000d5580000,0x00000000e5680000)
  from space 21504K, 0% used [0x00000000e5680000,0x00000000e5680000,0x00000000e6b80000)
  to   space 21504K, 0% used [0x00000000ef100000,0x00000000ef100000,0x00000000f0600000)
 ParOldGen       total 587264K, used 497505K [0x0000000080000000, 0x00000000a3d80000, 0x00000000d5580000)
  object space 587264K, 84% used [0x0000000080000000,0x000000009e5d84f8,0x00000000a3d80000)
 Metaspace       used 9166K, capacity 9302K, committed 9344K, reserved 1056768K
  class space    used 1087K, capacity 1145K, committed 1152K, reserved 1048576K
GC Heap History (9 events):
Event: 0,926 GC heap before
{Heap before GC invocations=1 (full 0):
 PSYoungGen      total 153088K, used 131584K [0x00000000d5580000, 0x00000000e0000000, 0x0000000100000000)
  eden space 131584K, 100% used [0x00000000d5580000,0x00000000dd600000,0x00000000dd600000)
  from space 21504K, 0% used [0x00000000deb00000,0x00000000deb00000,0x00000000e0000000)
  to   space 21504K, 0% used [0x00000000dd600000,0x00000000dd600000,0x00000000deb00000)
 ParOldGen       total 349696K, used 0K [0x0000000080000000, 0x0000000095580000, 0x00000000d5580000)
  object space 349696K, 0% used [0x0000000080000000,0x0000000080000000,0x0000000095580000)
 Metaspace       used 9157K, capacity 9302K, committed 9344K, reserved 1056768K
  class space    used 1087K, capacity 1145K, committed 1152K, reserved 1048576K
Event: 0,969 GC heap after
Heap after GC invocations=1 (full 0):
 PSYoungGen      total 153088K, used 21472K [0x00000000d5580000, 0x00000000e8080000, 0x0000000100000000)
  eden space 131584K, 0% used [0x00000000d5580000,0x00000000d5580000,0x00000000dd600000)
  from space 21504K, 99% used [0x00000000dd600000,0x00000000deaf80e0,0x00000000deb00000)
  to   space 21504K, 0% used [0x00000000e6b80000,0x00000000e6b80000,0x00000000e8080000)
 ParOldGen       total 349696K, used 93691K [0x0000000080000000, 0x0000000095580000, 0x00000000d5580000)
  object space 349696K, 26% used [0x0000000080000000,0x0000000085b7ee00,0x0000000095580000)
 Metaspace       used 9157K, capacity 9302K, committed 9344K, reserved 1056768K
  class space    used 1087K, capacity 1145K, committed 1152K, reserved 1048576K
}
Event: 1,155 GC heap before
{Heap before GC invocations=2 (full 0):
 PSYoungGen      total 153088K, used 153056K [0x00000000d5580000, 0x00000000e8080000, 0x0000000100000000)
  eden space 131584K, 100% used [0x00000000d5580000,0x00000000dd600000,0x00000000dd600000)
  from space 21504K, 99% used [0x00000000dd600000,0x00000000deaf80e0,0x00000000deb00000)
  to   space 21504K, 0% used [0x00000000e6b80000,0x00000000e6b80000,0x00000000e8080000)
 ParOldGen       total 349696K, used 93691K [0x0000000080000000, 0x0000000095580000, 0x00000000d5580000)
  object space 349696K, 26% used [0x0000000080000000,0x0000000085b7ee00,0x0000000095580000)
 Metaspace       used 9165K, capacity 9302K, committed 9344K, reserved 1056768K
  class space    used 1087K, capacity 1145K, committed 1152K, reserved 1048576K
Event: 1,210 GC heap after
Heap after GC invocations=2 (full 0):
 PSYoungGen      total 284672K, used 21488K [0x00000000d5580000, 0x00000000e8080000, 0x0000000100000000)
  eden space 263168K, 0% used [0x00000000d5580000,0x00000000d5580000,0x00000000e5680000)
  from space 21504K, 99% used [0x00000000e6b80000,0x00000000e807c0c0,0x00000000e8080000)
  to   space 21504K, 0% used [0x00000000e5680000,0x00000000e5680000,0x00000000e6b80000)
 ParOldGen       total 349696K, used 230091K [0x0000000080000000, 0x0000000095580000, 0x00000000d5580000)
  object space 349696K, 65% used [0x0000000080000000,0x000000008e0b2e50,0x0000000095580000)
 Metaspace       used 9165K, capacity 9302K, committed 9344K, reserved 1056768K
  class space    used 1087K, capacity 1145K, committed 1152K, reserved 1048576K
}
Event: 1,210 GC heap before
{Heap before GC invocations=3 (full 1):
 PSYoungGen      total 284672K, used 21488K [0x00000000d5580000, 0x00000000e8080000, 0x0000000100000000)
  eden space 263168K, 0% used [0x00000000d5580000,0x00000000d5580000,0x00000000e5680000)
  from space 21504K, 99% used [0x00000000e6b80000,0x00000000e807c0c0,0x00000000e8080000)
  to   space 21504K, 0% used [0x00000000e5680000,0x00000000e5680000,0x00000000e6b80000)
 ParOldGen       total 349696K, used 230091K [0x0000000080000000, 0x0000000095580000, 0x00000000d5580000)
  object space 349696K, 65% used [0x0000000080000000,0x000000008e0b2e50,0x0000000095580000)
 Metaspace       used 9165K, capacity 9302K, committed 9344K, reserved 1056768K
  class space    used 1087K, capacity 1145K, committed 1152K, reserved 1048576K
Event: 1,414 GC heap after
Heap after GC invocations=3 (full 1):
 PSYoungGen      total 284672K, used 0K [0x00000000d5580000, 0x00000000e8080000, 0x0000000100000000)
  eden space 263168K, 0% used [0x00000000d5580000,0x00000000d5580000,0x00000000e5680000)
  from space 21504K, 0% used [0x00000000e6b80000,0x00000000e6b80000,0x00000000e8080000)
  to   space 21504K, 0% used [0x00000000e5680000,0x00000000e5680000,0x00000000e6b80000)
 ParOldGen       total 587264K, used 239927K [0x0000000080000000, 0x00000000a3d80000, 0x00000000d5580000)
  object space 587264K, 40% used [0x0000000080000000,0x000000008ea4dce0,0x00000000a3d80000)
 Metaspace       used 9165K, capacity 9302K, committed 9344K, reserved 1056768K
  class space    used 1087K, capacity 1145K, committed 1152K, reserved 1048576K
}
Event: 1,836 GC heap before
{Heap before GC invocations=4 (full 1):
 PSYoungGen      total 284672K, used 263168K [0x00000000d5580000, 0x00000000e8080000, 0x0000000100000000)
  eden space 263168K, 100% used [0x00000000d5580000,0x00000000e5680000,0x00000000e5680000)
  from space 21504K, 0% used [0x00000000e6b80000,0x00000000e6b80000,0x00000000e8080000)
  to   space 21504K, 0% used [0x00000000e5680000,0x00000000e5680000,0x00000000e6b80000)
 ParOldGen       total 587264K, used 239927K [0x0000000080000000, 0x00000000a3d80000, 0x00000000d5580000)
  object space 587264K, 40% used [0x0000000080000000,0x000000008ea4dce0,0x00000000a3d80000)
 Metaspace       used 9166K, capacity 9302K, committed 9344K, reserved 1056768K
  class space    used 1087K, capacity 1145K, committed 1152K, reserved 1048576K
Event: 1,990 GC heap after
Heap after GC invocations=4 (full 1):
 PSYoungGen      total 284672K, used 21472K [0x00000000d5580000, 0x00000000f0600000, 0x0000000100000000)
  eden space 263168K, 0% used [0x00000000d5580000,0x00000000d5580000,0x00000000e5680000)
  from space 21504K, 99% used [0x00000000e5680000,0x00000000e6b78010,0x00000000e6b80000)
  to   space 21504K, 0% used [0x00000000ef100000,0x00000000ef100000,0x00000000f0600000)
 ParOldGen       total 587264K, used 486463K [0x0000000080000000, 0x00000000a3d80000, 0x00000000d5580000)
  object space 587264K, 82% used [0x0000000080000000,0x000000009db0fd50,0x00000000a3d80000)
 Metaspace       used 9166K, capacity 9302K, committed 9344K, reserved 1056768K
  class space    used 1087K, capacity 1145K, committed 1152K, reserved 1048576K
}
Event: 1,990 GC heap before
{Heap before GC invocations=5 (full 2):
 PSYoungGen      total 284672K, used 21472K [0x00000000d5580000, 0x00000000f0600000, 0x0000000100000000)
  eden space 263168K, 0% used [0x00000000d5580000,0x00000000d5580000,0x00000000e5680000)
  from space 21504K, 99% used [0x00000000e5680000,0x00000000e6b78010,0x00000000e6b80000)
  to   space 21504K, 0% used [0x00000000ef100000,0x00000000ef100000,0x00000000f0600000)
 ParOldGen       total 587264K, used 486463K [0x0000000080000000, 0x00000000a3d80000, 0x00000000d5580000)
  object space 587264K, 82% used [0x0000000080000000,0x000000009db0fd50,0x00000000a3d80000)
 Metaspace       used 9166K, capacity 9302K, committed 9344K, reserved 1056768K
  class space    used 1087K, capacity 1145K, committed 1152K, reserved 1048576K

