# JRE version: Java(TM) SE Runtime Environment (8.0_241-b07) (build 1.8.0_241-b07)
# Java VM: Java HotSpot(TM) 64-Bit Server VM (25.241-b07 mixed mode linux-amd64 compressed oops)
Heap:
 PSYoungGen      total 529408K, used 187610K [0x0000000781700000, 0x00000007b9f00000, 0x00000007c0000000)
  eden space 187904K, 0% used [0x0000000781700000,0x0000000781700000,0x000000078ce80000)
  from space 341504K, 54% used [0x000000078ce80000,0x00000007985b69d8,0x00000007a1c00000)
  to   space 341504K, 0% used [0x00000007a5180000,0x00000007a5180000,0x00000007b9f00000)
 ParOldGen       total 1129472K, used 1128997K [0x0000000704400000, 0x0000000749300000, 0x0000000781700000)
  object space 1129472K, 99% used [0x0000000704400000,0x00000007492897f8,0x0000000749300000)
 Metaspace       used 9237K, capacity 9406K, committed 9728K, reserved 1058816K
  class space    used 1096K, capacity 1177K, committed 1280K, reserved 1048576K
GC Heap History (10 events):
Event: 2,823 GC heap after
Heap after GC invocations=11 (full 3):
 PSYoungGen      total 429056K, used 275936K [0x0000000781700000, 0x00000007b8d00000, 0x00000007c0000000)
  eden space 153088K, 0% used [0x0000000781700000,0x0000000781700000,0x000000078ac80000)
  from space 275968K, 99% used [0x000000079fa00000,0x00000007b0778080,0x00000007b0780000)
  to   space 341504K, 0% used [0x000000078ac80000,0x000000078ac80000,0x000000079fa00000)
 ParOldGen       total 737280K, used 592693K [0x0000000704400000, 0x0000000731400000, 0x0000000781700000)
  object space 737280K, 80% used [0x0000000704400000,0x00000007286cd420,0x0000000731400000)
 Metaspace       used 9173K, capacity 9310K, committed 9344K, reserved 1056768K
  class space    used 1087K, capacity 1145K, committed 1152K, reserved 1048576K
}
Event: 2,823 GC heap before
{Heap before GC invocations=12 (full 4):
 PSYoungGen      total 429056K, used 275936K [0x0000000781700000, 0x00000007b8d00000, 0x00000007c0000000)
  eden space 153088K, 0% used [0x0000000781700000,0x0000000781700000,0x000000078ac80000)
  from space 275968K, 99% used [0x000000079fa00000,0x00000007b0778080,0x00000007b0780000)
  to   space 341504K, 0% used [0x000000078ac80000,0x000000078ac80000,0x000000079fa00000)
 ParOldGen       total 737280K, used 592693K [0x0000000704400000, 0x0000000731400000, 0x0000000781700000)
  object space 737280K, 80% used [0x0000000704400000,0x00000007286cd420,0x0000000731400000)
 Metaspace       used 9173K, capacity 9310K, committed 9344K, reserved 1056768K
  class space    used 1087K, capacity 1145K, committed 1152K, reserved 1048576K
Event: 3,326 GC heap after
Heap after GC invocations=12 (full 4):
 PSYoungGen      total 429056K, used 125480K [0x0000000781700000, 0x00000007b8d00000, 0x00000007c0000000)
  eden space 153088K, 0% used [0x0000000781700000,0x0000000781700000,0x000000078ac80000)
  from space 275968K, 45% used [0x000000079fa00000,0x00000007a748a260,0x00000007b0780000)
  to   space 341504K, 0% used [0x000000078ac80000,0x000000078ac80000,0x000000079fa00000)
 ParOldGen       total 1129472K, used 737107K [0x0000000704400000, 0x0000000749300000, 0x0000000781700000)
  object space 1129472K, 65% used [0x0000000704400000,0x00000007313d4c08,0x0000000749300000)
 Metaspace       used 9173K, capacity 9310K, committed 9344K, reserved 1056768K
  class space    used 1087K, capacity 1145K, committed 1152K, reserved 1048576K
}
Event: 3,555 GC heap before
{Heap before GC invocations=13 (full 4):
 PSYoungGen      total 429056K, used 278568K [0x0000000781700000, 0x00000007b8d00000, 0x00000007c0000000)
  eden space 153088K, 100% used [0x0000000781700000,0x000000078ac80000,0x000000078ac80000)
  from space 275968K, 45% used [0x000000079fa00000,0x00000007a748a260,0x00000007b0780000)
  to   space 341504K, 0% used [0x000000078ac80000,0x000000078ac80000,0x000000079fa00000)
 ParOldGen       total 1129472K, used 737107K [0x0000000704400000, 0x0000000749300000, 0x0000000781700000)
  object space 1129472K, 65% used [0x0000000704400000,0x00000007313d4c08,0x0000000749300000)
 Metaspace       used 9173K, capacity 9310K, committed 9344K, reserved 1056768K
  class space    used 1087K, capacity 1145K, committed 1152K, reserved 1048576K
Event: 3,661 GC heap after
Heap after GC invocations=13 (full 4):
 PSYoungGen      total 494592K, used 280480K [0x0000000781700000, 0x00000007b6980000, 0x00000007c0000000)
  eden space 153088K, 0% used [0x0000000781700000,0x0000000781700000,0x000000078ac80000)
  from space 341504K, 82% used [0x000000078ac80000,0x000000079be68020,0x000000079fa00000)
  to   space 341504K, 0% used [0x00000007a1c00000,0x00000007a1c00000,0x00000007b6980000)
 ParOldGen       total 1129472K, used 737107K [0x0000000704400000, 0x0000000749300000, 0x0000000781700000)
  object space 1129472K, 65% used [0x0000000704400000,0x00000007313d4c08,0x0000000749300000)
 Metaspace       used 9173K, capacity 9310K, committed 9344K, reserved 1056768K
  class space    used 1087K, capacity 1145K, committed 1152K, reserved 1048576K
}
Event: 3,900 GC heap before
{Heap before GC invocations=14 (full 4):
 PSYoungGen      total 494592K, used 433568K [0x0000000781700000, 0x00000007b6980000, 0x00000007c0000000)
  eden space 153088K, 100% used [0x0000000781700000,0x000000078ac80000,0x000000078ac80000)
  from space 341504K, 82% used [0x000000078ac80000,0x000000079be68020,0x000000079fa00000)
  to   space 341504K, 0% used [0x00000007a1c00000,0x00000007a1c00000,0x00000007b6980000)
 ParOldGen       total 1129472K, used 737107K [0x0000000704400000, 0x0000000749300000, 0x0000000781700000)
  object space 1129472K, 65% used [0x0000000704400000,0x00000007313d4c08,0x0000000749300000)
 Metaspace       used 9222K, capacity 9406K, committed 9728K, reserved 1058816K
  class space    used 1096K, capacity 1177K, committed 1280K, reserved 1048576K
Event: 4,024 GC heap after
Heap after GC invocations=14 (full 4):
 PSYoungGen      total 529408K, used 341472K [0x0000000781700000, 0x00000007b6d00000, 0x00000007c0000000)
  eden space 187904K, 0% used [0x0000000781700000,0x0000000781700000,0x000000078ce80000)
  from space 341504K, 99% used [0x00000007a1c00000,0x00000007b6978020,0x00000007b6980000)
  to   space 341504K, 0% used [0x000000078ce80000,0x000000078ce80000,0x00000007a1c00000)
 ParOldGen       total 1129472K, used 831531K [0x0000000704400000, 0x0000000749300000, 0x0000000781700000)
  object space 1129472K, 73% used [0x0000000704400000,0x000000073700ac08,0x0000000749300000)
 Metaspace       used 9222K, capacity 9406K, committed 9728K, reserved 1058816K
  class space    used 1096K, capacity 1177K, committed 1280K, reserved 1048576K
}
Event: 4,212 GC heap before
{Heap before GC invocations=15 (full 4):
 PSYoungGen      total 529408K, used 529376K [0x0000000781700000, 0x00000007b6d00000, 0x00000007c0000000)
  eden space 187904K, 100% used [0x0000000781700000,0x000000078ce80000,0x000000078ce80000)
  from space 341504K, 99% used [0x00000007a1c00000,0x00000007b6978020,0x00000007b6980000)
  to   space 341504K, 0% used [0x000000078ce80000,0x000000078ce80000,0x00000007a1c00000)
 ParOldGen       total 1129472K, used 831531K [0x0000000704400000, 0x0000000749300000, 0x0000000781700000)
  object space 1129472K, 73% used [0x0000000704400000,0x000000073700ac08,0x0000000749300000)
 Metaspace       used 9237K, capacity 9406K, committed 9728K, reserved 1058816K
  class space    used 1096K, capacity 1177K, committed 1280K, reserved 1048576K
Event: 4,422 GC heap after
Heap after GC invocations=15 (full 4):
 PSYoungGen      total 529408K, used 341504K [0x0000000781700000, 0x00000007b9f00000, 0x00000007c0000000)
  eden space 187904K, 0% used [0x0000000781700000,0x0000000781700000,0x000000078ce80000)
  from space 341504K, 100% used [0x000000078ce80000,0x00000007a1c00000,0x00000007a1c00000)
  to   space 341504K, 0% used [0x00000007a5180000,0x00000007a5180000,0x00000007b9f00000)
 ParOldGen       total 1129472K, used 1023707K [0x0000000704400000, 0x0000000749300000, 0x0000000781700000)
  object space 1129472K, 90% used [0x0000000704400000,0x0000000742bb6c28,0x0000000749300000)
 Metaspace       used 9237K, capacity 9406K, committed 9728K, reserved 1058816K
  class space    used 1096K, capacity 1177K, committed 1280K, reserved 1048576K
}
Event: 4,422 GC heap before
{Heap before GC invocations=16 (full 5):
 PSYoungGen      total 529408K, used 341504K [0x0000000781700000, 0x00000007b9f00000, 0x00000007c0000000)
  eden space 187904K, 0% used [0x0000000781700000,0x0000000781700000,0x000000078ce80000)
  from space 341504K, 100% used [0x000000078ce80000,0x00000007a1c00000,0x00000007a1c00000)
  to   space 341504K, 0% used [0x00000007a5180000,0x00000007a5180000,0x00000007b9f00000)
 ParOldGen       total 1129472K, used 1023707K [0x0000000704400000, 0x0000000749300000, 0x0000000781700000)
  object space 1129472K, 90% used [0x0000000704400000,0x0000000742bb6c28,0x0000000749300000)
 Metaspace       used 9237K, capacity 9406K, committed 9728K, reserved 1058816K
  class space    used 1096K, capacity 1177K, committed 1280K, reserved 1048576K

