# JRE version: Java(TM) SE Runtime Environment (8.0_241-b07) (build 1.8.0_241-b07)
# Java VM: Java HotSpot(TM) 64-Bit Server VM (25.241-b07 mixed mode linux-amd64 compressed oops)
Heap:
 PSYoungGen      total 284672K, used 18163K [0x00000000d5580000, 0x00000000e8080000, 0x0000000100000000)
  eden space 263168K, 0% used [0x00000000d5580000,0x00000000d5580000,0x00000000e5680000)
  from space 21504K, 84% used [0x00000000e5680000,0x00000000e683cd08,0x00000000e6b80000)
  to   space 21504K, 0% used [0x00000000e6b80000,0x00000000e6b80000,0x00000000e8080000)
 ParOldGen       total 349696K, used 152K [0x0000000080000000, 0x0000000095580000, 0x00000000d5580000)
  object space 349696K, 0% used [0x0000000080000000,0x0000000080026010,0x0000000095580000)
 Metaspace       used 8919K, capacity 9074K, committed 9344K, reserved 1056768K
  class space    used 1052K, capacity 1113K, committed 1152K, reserved 1048576K
GC Heap History (9 events):
Event: 0,895 GC heap before
{Heap before GC invocations=1 (full 0):
 PSYoungGen      total 153088K, used 131584K [0x00000000d5580000, 0x00000000e0000000, 0x0000000100000000)
  eden space 131584K, 100% used [0x00000000d5580000,0x00000000dd600000,0x00000000dd600000)
  from space 21504K, 0% used [0x00000000deb00000,0x00000000deb00000,0x00000000e0000000)
  to   space 21504K, 0% used [0x00000000dd600000,0x00000000dd600000,0x00000000deb00000)
 ParOldGen       total 349696K, used 0K [0x0000000080000000, 0x0000000095580000, 0x00000000d5580000)
  object space 349696K, 0% used [0x0000000080000000,0x0000000080000000,0x0000000095580000)
 Metaspace       used 8902K, capacity 9010K, committed 9088K, reserved 1056768K
  class space    used 1052K, capacity 1113K, committed 1152K, reserved 1048576K
Event: 0,902 GC heap after
Heap after GC invocations=1 (full 0):
 PSYoungGen      total 153088K, used 6095K [0x00000000d5580000, 0x00000000e0000000, 0x0000000100000000)
  eden space 131584K, 0% used [0x00000000d5580000,0x00000000d5580000,0x00000000dd600000)
  from space 21504K, 28% used [0x00000000dd600000,0x00000000ddbf3da0,0x00000000deb00000)
  to   space 21504K, 0% used [0x00000000deb00000,0x00000000deb00000,0x00000000e0000000)
 ParOldGen       total 349696K, used 0K [0x0000000080000000, 0x0000000095580000, 0x00000000d5580000)
  object space 349696K, 0% used [0x0000000080000000,0x0000000080000000,0x0000000095580000)
 Metaspace       used 8902K, capacity 9010K, committed 9088K, reserved 1056768K
  class space    used 1052K, capacity 1113K, committed 1152K, reserved 1048576K
}
Event: 0,978 GC heap before
{Heap before GC invocations=2 (full 0):
 PSYoungGen      total 153088K, used 137679K [0x00000000d5580000, 0x00000000e0000000, 0x0000000100000000)
  eden space 131584K, 100% used [0x00000000d5580000,0x00000000dd600000,0x00000000dd600000)
  from space 21504K, 28% used [0x00000000dd600000,0x00000000ddbf3da0,0x00000000deb00000)
  to   space 21504K, 0% used [0x00000000deb00000,0x00000000deb00000,0x00000000e0000000)
 ParOldGen       total 349696K, used 0K [0x0000000080000000, 0x0000000095580000, 0x00000000d5580000)
  object space 349696K, 0% used [0x0000000080000000,0x0000000080000000,0x0000000095580000)
 Metaspace       used 8919K, capacity 9074K, committed 9344K, reserved 1056768K
  class space    used 1052K, capacity 1113K, committed 1152K, reserved 1048576K
Event: 0,985 GC heap after
Heap after GC invocations=2 (full 0):
 PSYoungGen      total 153088K, used 6995K [0x00000000d5580000, 0x00000000e8080000, 0x0000000100000000)
  eden space 131584K, 0% used [0x00000000d5580000,0x00000000d5580000,0x00000000dd600000)
  from space 21504K, 32% used [0x00000000deb00000,0x00000000df1d4fd0,0x00000000e0000000)
  to   space 21504K, 0% used [0x00000000dd600000,0x00000000dd600000,0x00000000deb00000)
 ParOldGen       total 349696K, used 0K [0x0000000080000000, 0x0000000095580000, 0x00000000d5580000)
  object space 349696K, 0% used [0x0000000080000000,0x0000000080000000,0x0000000095580000)
 Metaspace       used 8919K, capacity 9074K, committed 9344K, reserved 1056768K
  class space    used 1052K, capacity 1113K, committed 1152K, reserved 1048576K
}
Event: 1,063 GC heap before
{Heap before GC invocations=3 (full 0):
 PSYoungGen      total 153088K, used 138579K [0x00000000d5580000, 0x00000000e8080000, 0x0000000100000000)
  eden space 131584K, 100% used [0x00000000d5580000,0x00000000dd600000,0x00000000dd600000)
  from space 21504K, 32% used [0x00000000deb00000,0x00000000df1d4fd0,0x00000000e0000000)
  to   space 21504K, 0% used [0x00000000dd600000,0x00000000dd600000,0x00000000deb00000)
 ParOldGen       total 349696K, used 0K [0x0000000080000000, 0x0000000095580000, 0x00000000d5580000)
  object space 349696K, 0% used [0x0000000080000000,0x0000000080000000,0x0000000095580000)
 Metaspace       used 8919K, capacity 9074K, committed 9344K, reserved 1056768K
  class space    used 1052K, capacity 1113K, committed 1152K, reserved 1048576K
Event: 1,070 GC heap after
Heap after GC invocations=3 (full 0):
 PSYoungGen      total 153088K, used 9597K [0x00000000d5580000, 0x00000000e8080000, 0x0000000100000000)
  eden space 131584K, 0% used [0x00000000d5580000,0x00000000d5580000,0x00000000dd600000)
  from space 21504K, 44% used [0x00000000dd600000,0x00000000ddf5f7b8,0x00000000deb00000)
  to   space 21504K, 0% used [0x00000000e6b80000,0x00000000e6b80000,0x00000000e8080000)
 ParOldGen       total 349696K, used 144K [0x0000000080000000, 0x0000000095580000, 0x00000000d5580000)
  object space 349696K, 0% used [0x0000000080000000,0x0000000080024010,0x0000000095580000)
 Metaspace       used 8919K, capacity 9074K, committed 9344K, reserved 1056768K
  class space    used 1052K, capacity 1113K, committed 1152K, reserved 1048576K
}
Event: 1,147 GC heap before
{Heap before GC invocations=4 (full 0):
 PSYoungGen      total 153088K, used 141181K [0x00000000d5580000, 0x00000000e8080000, 0x0000000100000000)
  eden space 131584K, 100% used [0x00000000d5580000,0x00000000dd600000,0x00000000dd600000)
  from space 21504K, 44% used [0x00000000dd600000,0x00000000ddf5f7b8,0x00000000deb00000)
  to   space 21504K, 0% used [0x00000000e6b80000,0x00000000e6b80000,0x00000000e8080000)
 ParOldGen       total 349696K, used 144K [0x0000000080000000, 0x0000000095580000, 0x00000000d5580000)
  object space 349696K, 0% used [0x0000000080000000,0x0000000080024010,0x0000000095580000)
 Metaspace       used 8919K, capacity 9074K, committed 9344K, reserved 1056768K
  class space    used 1052K, capacity 1113K, committed 1152K, reserved 1048576K
Event: 1,167 GC heap after
Heap after GC invocations=4 (full 0):
 PSYoungGen      total 284672K, used 12476K [0x00000000d5580000, 0x00000000e8080000, 0x0000000100000000)
  eden space 263168K, 0% used [0x00000000d5580000,0x00000000d5580000,0x00000000e5680000)
  from space 21504K, 58% used [0x00000000e6b80000,0x00000000e77af368,0x00000000e8080000)
  to   space 21504K, 0% used [0x00000000e5680000,0x00000000e5680000,0x00000000e6b80000)
 ParOldGen       total 349696K, used 144K [0x0000000080000000, 0x0000000095580000, 0x00000000d5580000)
  object space 349696K, 0% used [0x0000000080000000,0x0000000080024010,0x0000000095580000)
 Metaspace       used 8919K, capacity 9074K, committed 9344K, reserved 1056768K
  class space    used 1052K, capacity 1113K, committed 1152K, reserved 1048576K
}
Event: 1,340 GC heap before
{Heap before GC invocations=5 (full 0):
 PSYoungGen      total 284672K, used 275644K [0x00000000d5580000, 0x00000000e8080000, 0x0000000100000000)
  eden space 263168K, 100% used [0x00000000d5580000,0x00000000e5680000,0x00000000e5680000)
  from space 21504K, 58% used [0x00000000e6b80000,0x00000000e77af368,0x00000000e8080000)
  to   space 21504K, 0% used [0x00000000e5680000,0x00000000e5680000,0x00000000e6b80000)
 ParOldGen       total 349696K, used 144K [0x0000000080000000, 0x0000000095580000, 0x00000000d5580000)
  object space 349696K, 0% used [0x0000000080000000,0x0000000080024010,0x0000000095580000)
 Metaspace       used 8919K, capacity 9074K, committed 9344K, reserved 1056768K
  class space    used 1052K, capacity 1113K, committed 1152K, reserved 1048576K

