# JRE version: Java(TM) SE Runtime Environment (8.0_241-b07) (build 1.8.0_241-b07)
# Java VM: Java HotSpot(TM) 64-Bit Server VM (25.241-b07 mixed mode linux-amd64 compressed oops)
Heap:
 PSYoungGen      total 548352K, used 252587K [0x0000000781700000, 0x00000007bba00000, 0x00000007c0000000)
  eden space 206848K, 0% used [0x0000000781700000,0x0000000781700000,0x000000078e100000)
  from space 341504K, 73% used [0x000000078e100000,0x000000079d7aafd0,0x00000007a2e80000)
  to   space 341504K, 0% used [0x00000007a6c80000,0x00000007a6c80000,0x00000007bba00000)
 ParOldGen       total 1116160K, used 1116044K [0x0000000704400000, 0x0000000748600000, 0x0000000781700000)
  object space 1116160K, 99% used [0x0000000704400000,0x00000007485e32f8,0x0000000748600000)
 Metaspace       used 9255K, capacity 9402K, committed 9728K, reserved 1058816K
  class space    used 1096K, capacity 1177K, committed 1280K, reserved 1048576K
GC Heap History (10 events):
Event: 2,826 GC heap after
Heap after GC invocations=11 (full 3):
 PSYoungGen      total 452608K, used 284128K [0x0000000781700000, 0x00000007b9480000, 0x00000007c0000000)
  eden space 168448K, 0% used [0x0000000781700000,0x0000000781700000,0x000000078bb80000)
  from space 284160K, 99% used [0x00000007a0900000,0x00000007b1e78080,0x00000007b1e80000)
  to   space 341504K, 0% used [0x000000078bb80000,0x000000078bb80000,0x00000007a0900000)
 ParOldGen       total 733184K, used 601998K [0x0000000704400000, 0x0000000731000000, 0x0000000781700000)
  object space 733184K, 82% used [0x0000000704400000,0x0000000728fe3860,0x0000000731000000)
 Metaspace       used 9190K, capacity 9306K, committed 9344K, reserved 1056768K
  class space    used 1087K, capacity 1145K, committed 1152K, reserved 1048576K
}
Event: 2,826 GC heap before
{Heap before GC invocations=12 (full 4):
 PSYoungGen      total 452608K, used 284128K [0x0000000781700000, 0x00000007b9480000, 0x00000007c0000000)
  eden space 168448K, 0% used [0x0000000781700000,0x0000000781700000,0x000000078bb80000)
  from space 284160K, 99% used [0x00000007a0900000,0x00000007b1e78080,0x00000007b1e80000)
  to   space 341504K, 0% used [0x000000078bb80000,0x000000078bb80000,0x00000007a0900000)
 ParOldGen       total 733184K, used 601998K [0x0000000704400000, 0x0000000731000000, 0x0000000781700000)
  object space 733184K, 82% used [0x0000000704400000,0x0000000728fe3860,0x0000000731000000)
 Metaspace       used 9190K, capacity 9306K, committed 9344K, reserved 1056768K
  class space    used 1087K, capacity 1145K, committed 1152K, reserved 1048576K
Event: 3,317 GC heap after
Heap after GC invocations=12 (full 4):
 PSYoungGen      total 452608K, used 147170K [0x0000000781700000, 0x00000007b9480000, 0x00000007c0000000)
  eden space 168448K, 0% used [0x0000000781700000,0x0000000781700000,0x000000078bb80000)
  from space 284160K, 51% used [0x00000007a0900000,0x00000007a98b8b10,0x00000007b1e80000)
  to   space 341504K, 0% used [0x000000078bb80000,0x000000078bb80000,0x00000007a0900000)
 ParOldGen       total 1116160K, used 732766K [0x0000000704400000, 0x0000000748600000, 0x0000000781700000)
  object space 1116160K, 65% used [0x0000000704400000,0x0000000730f97b10,0x0000000748600000)
 Metaspace       used 9190K, capacity 9306K, committed 9344K, reserved 1056768K
  class space    used 1087K, capacity 1145K, committed 1152K, reserved 1048576K
}
Event: 3,566 GC heap before
{Heap before GC invocations=13 (full 4):
 PSYoungGen      total 452608K, used 315618K [0x0000000781700000, 0x00000007b9480000, 0x00000007c0000000)
  eden space 168448K, 100% used [0x0000000781700000,0x000000078bb80000,0x000000078bb80000)
  from space 284160K, 51% used [0x00000007a0900000,0x00000007a98b8b10,0x00000007b1e80000)
  to   space 341504K, 0% used [0x000000078bb80000,0x000000078bb80000,0x00000007a0900000)
 ParOldGen       total 1116160K, used 732766K [0x0000000704400000, 0x0000000748600000, 0x0000000781700000)
  object space 1116160K, 65% used [0x0000000704400000,0x0000000730f97b10,0x0000000748600000)
 Metaspace       used 9190K, capacity 9306K, committed 9344K, reserved 1056768K
  class space    used 1087K, capacity 1145K, committed 1152K, reserved 1048576K
Event: 3,671 GC heap after
Heap after GC invocations=13 (full 4):
 PSYoungGen      total 509952K, used 317408K [0x0000000781700000, 0x00000007b7c00000, 0x00000007c0000000)
  eden space 168448K, 0% used [0x0000000781700000,0x0000000781700000,0x000000078bb80000)
  from space 341504K, 92% used [0x000000078bb80000,0x000000079f178030,0x00000007a0900000)
  to   space 341504K, 0% used [0x00000007a2e80000,0x00000007a2e80000,0x00000007b7c00000)
 ParOldGen       total 1116160K, used 732766K [0x0000000704400000, 0x0000000748600000, 0x0000000781700000)
  object space 1116160K, 65% used [0x0000000704400000,0x0000000730f97b10,0x0000000748600000)
 Metaspace       used 9190K, capacity 9306K, committed 9344K, reserved 1056768K
  class space    used 1087K, capacity 1145K, committed 1152K, reserved 1048576K
}
Event: 3,929 GC heap before
{Heap before GC invocations=14 (full 4):
 PSYoungGen      total 509952K, used 485856K [0x0000000781700000, 0x00000007b7c00000, 0x00000007c0000000)
  eden space 168448K, 100% used [0x0000000781700000,0x000000078bb80000,0x000000078bb80000)
  from space 341504K, 92% used [0x000000078bb80000,0x000000079f178030,0x00000007a0900000)
  to   space 341504K, 0% used [0x00000007a2e80000,0x00000007a2e80000,0x00000007b7c00000)
 ParOldGen       total 1116160K, used 732766K [0x0000000704400000, 0x0000000748600000, 0x0000000781700000)
  object space 1116160K, 65% used [0x0000000704400000,0x0000000730f97b10,0x0000000748600000)
 Metaspace       used 9255K, capacity 9402K, committed 9728K, reserved 1058816K
  class space    used 1096K, capacity 1177K, committed 1280K, reserved 1048576K
Event: 4,104 GC heap after
Heap after GC invocations=14 (full 4):
 PSYoungGen      total 548352K, used 341472K [0x0000000781700000, 0x00000007b8280000, 0x00000007c0000000)
  eden space 206848K, 0% used [0x0000000781700000,0x0000000781700000,0x000000078e100000)
  from space 341504K, 99% used [0x00000007a2e80000,0x00000007b7bf8030,0x00000007b7c00000)
  to   space 341504K, 0% used [0x000000078e100000,0x000000078e100000,0x00000007a2e80000)
 ParOldGen       total 1116160K, used 879646K [0x0000000704400000, 0x0000000748600000, 0x0000000781700000)
  object space 1116160K, 78% used [0x0000000704400000,0x0000000739f07b10,0x0000000748600000)
 Metaspace       used 9255K, capacity 9402K, committed 9728K, reserved 1058816K
  class space    used 1096K, capacity 1177K, committed 1280K, reserved 1048576K
}
Event: 4,269 GC heap before
{Heap before GC invocations=15 (full 4):
 PSYoungGen      total 548352K, used 548320K [0x0000000781700000, 0x00000007b8280000, 0x00000007c0000000)
  eden space 206848K, 100% used [0x0000000781700000,0x000000078e100000,0x000000078e100000)
  from space 341504K, 99% used [0x00000007a2e80000,0x00000007b7bf8030,0x00000007b7c00000)
  to   space 341504K, 0% used [0x000000078e100000,0x000000078e100000,0x00000007a2e80000)
 ParOldGen       total 1116160K, used 879646K [0x0000000704400000, 0x0000000748600000, 0x0000000781700000)
  object space 1116160K, 78% used [0x0000000704400000,0x0000000739f07b10,0x0000000748600000)
 Metaspace       used 9255K, capacity 9402K, committed 9728K, reserved 1058816K
  class space    used 1096K, capacity 1177K, committed 1280K, reserved 1048576K
Event: 4,456 GC heap after
Heap after GC invocations=15 (full 4):
 PSYoungGen      total 548352K, used 341504K [0x0000000781700000, 0x00000007bba00000, 0x00000007c0000000)
  eden space 206848K, 0% used [0x0000000781700000,0x0000000781700000,0x000000078e100000)
  from space 341504K, 100% used [0x000000078e100000,0x00000007a2e80000,0x00000007a2e80000)
  to   space 341504K, 0% used [0x00000007a6c80000,0x00000007a6c80000,0x00000007bba00000)
 ParOldGen       total 1116160K, used 1090966K [0x0000000704400000, 0x0000000748600000, 0x0000000781700000)
  object space 1116160K, 97% used [0x0000000704400000,0x0000000746d65b40,0x0000000748600000)
 Metaspace       used 9255K, capacity 9402K, committed 9728K, reserved 1058816K
  class space    used 1096K, capacity 1177K, committed 1280K, reserved 1048576K
}
Event: 4,457 GC heap before
{Heap before GC invocations=16 (full 5):
 PSYoungGen      total 548352K, used 341504K [0x0000000781700000, 0x00000007bba00000, 0x00000007c0000000)
  eden space 206848K, 0% used [0x0000000781700000,0x0000000781700000,0x000000078e100000)
  from space 341504K, 100% used [0x000000078e100000,0x00000007a2e80000,0x00000007a2e80000)
  to   space 341504K, 0% used [0x00000007a6c80000,0x00000007a6c80000,0x00000007bba00000)
 ParOldGen       total 1116160K, used 1090966K [0x0000000704400000, 0x0000000748600000, 0x0000000781700000)
  object space 1116160K, 97% used [0x0000000704400000,0x0000000746d65b40,0x0000000748600000)
 Metaspace       used 9255K, capacity 9402K, committed 9728K, reserved 1058816K
  class space    used 1096K, capacity 1177K, committed 1280K, reserved 1048576K

