# JRE version: Java(TM) SE Runtime Environment (8.0_241-b07) (build 1.8.0_241-b07)
# Java VM: Java HotSpot(TM) 64-Bit Server VM (25.241-b07 mixed mode linux-amd64 compressed oops)
Heap:
 PSYoungGen      total 339456K, used 184288K [0x0000000781700000, 0x00000007a3b80000, 0x00000007c0000000)
  eden space 155136K, 0% used [0x0000000781700000,0x0000000781700000,0x000000078ae80000)
  from space 184320K, 99% used [0x000000078ae80000,0x0000000796278080,0x0000000796280000)
  to   space 163840K, 0% used [0x0000000796280000,0x0000000796280000,0x00000007a0280000)
 ParOldGen       total 733696K, used 520268K [0x0000000704400000, 0x0000000731080000, 0x0000000781700000)
  object space 733696K, 70% used [0x0000000704400000,0x0000000724013090,0x0000000731080000)
 Metaspace       used 9159K, capacity 9298K, committed 9344K, reserved 1056768K
  class space    used 1087K, capacity 1145K, committed 1152K, reserved 1048576K
GC Heap History (10 events):
Event: 1,315 GC heap after
Heap after GC invocations=5 (full 2):
 PSYoungGen      total 104960K, used 0K [0x0000000781700000, 0x000000078b380000, 0x00000007c0000000)
  eden space 97280K, 0% used [0x0000000781700000,0x0000000781700000,0x0000000787600000)
  from space 7680K, 0% used [0x0000000787600000,0x0000000787600000,0x0000000787d80000)
  to   space 7680K, 0% used [0x000000078ac00000,0x000000078ac00000,0x000000078b380000)
 ParOldGen       total 404480K, used 176974K [0x0000000704400000, 0x000000071cf00000, 0x0000000781700000)
  object space 404480K, 43% used [0x0000000704400000,0x000000070f0d3b18,0x000000071cf00000)
 Metaspace       used 9158K, capacity 9298K, committed 9344K, reserved 1056768K
  class space    used 1087K, capacity 1145K, committed 1152K, reserved 1048576K
}
Event: 1,458 GC heap before
{Heap before GC invocations=6 (full 2):
 PSYoungGen      total 104960K, used 97280K [0x0000000781700000, 0x000000078b380000, 0x00000007c0000000)
  eden space 97280K, 100% used [0x0000000781700000,0x0000000787600000,0x0000000787600000)
  from space 7680K, 0% used [0x0000000787600000,0x0000000787600000,0x0000000787d80000)
  to   space 7680K, 0% used [0x000000078ac00000,0x000000078ac00000,0x000000078b380000)
 ParOldGen       total 404480K, used 176974K [0x0000000704400000, 0x000000071cf00000, 0x0000000781700000)
  object space 404480K, 43% used [0x0000000704400000,0x000000070f0d3b18,0x000000071cf00000)
 Metaspace       used 9159K, capacity 9298K, committed 9344K, reserved 1056768K
  class space    used 1087K, capacity 1145K, committed 1152K, reserved 1048576K
Event: 1,502 GC heap after
Heap after GC invocations=6 (full 2):
 PSYoungGen      total 135680K, used 7680K [0x0000000781700000, 0x000000078b380000, 0x00000007c0000000)
  eden space 128000K, 0% used [0x0000000781700000,0x0000000781700000,0x0000000789400000)
  from space 7680K, 100% used [0x000000078ac00000,0x000000078b380000,0x000000078b380000)
  to   space 7680K, 0% used [0x000000078a480000,0x000000078a480000,0x000000078ac00000)
 ParOldGen       total 404480K, used 270382K [0x0000000704400000, 0x000000071cf00000, 0x0000000781700000)
  object space 404480K, 66% used [0x0000000704400000,0x0000000714c0bb18,0x000000071cf00000)
 Metaspace       used 9159K, capacity 9298K, committed 9344K, reserved 1056768K
  class space    used 1087K, capacity 1145K, committed 1152K, reserved 1048576K
}
Event: 1,692 GC heap before
{Heap before GC invocations=7 (full 2):
 PSYoungGen      total 135680K, used 135680K [0x0000000781700000, 0x000000078b380000, 0x00000007c0000000)
  eden space 128000K, 100% used [0x0000000781700000,0x0000000789400000,0x0000000789400000)
  from space 7680K, 100% used [0x000000078ac00000,0x000000078b380000,0x000000078b380000)
  to   space 7680K, 0% used [0x000000078a480000,0x000000078a480000,0x000000078ac00000)
 ParOldGen       total 404480K, used 270382K [0x0000000704400000, 0x000000071cf00000, 0x0000000781700000)
  object space 404480K, 66% used [0x0000000704400000,0x0000000714c0bb18,0x000000071cf00000)
 Metaspace       used 9159K, capacity 9298K, committed 9344K, reserved 1056768K
  class space    used 1087K, capacity 1145K, committed 1152K, reserved 1048576K
Event: 1,767 GC heap after
Heap after GC invocations=7 (full 2):
 PSYoungGen      total 152576K, used 7680K [0x0000000781700000, 0x00000007a0280000, 0x00000007c0000000)
  eden space 144896K, 0% used [0x0000000781700000,0x0000000781700000,0x000000078a480000)
  from space 7680K, 100% used [0x000000078a480000,0x000000078ac00000,0x000000078ac00000)
  to   space 163840K, 0% used [0x0000000796280000,0x0000000796280000,0x00000007a0280000)
 ParOldGen       total 404480K, used 404454K [0x0000000704400000, 0x000000071cf00000, 0x0000000781700000)
  object space 404480K, 99% used [0x0000000704400000,0x000000071cef9b98,0x000000071cf00000)
 Metaspace       used 9159K, capacity 9298K, committed 9344K, reserved 1056768K
  class space    used 1087K, capacity 1145K, committed 1152K, reserved 1048576K
}
Event: 1,767 GC heap before
{Heap before GC invocations=8 (full 3):
 PSYoungGen      total 152576K, used 7680K [0x0000000781700000, 0x00000007a0280000, 0x00000007c0000000)
  eden space 144896K, 0% used [0x0000000781700000,0x0000000781700000,0x000000078a480000)
  from space 7680K, 100% used [0x000000078a480000,0x000000078ac00000,0x000000078ac00000)
  to   space 163840K, 0% used [0x0000000796280000,0x0000000796280000,0x00000007a0280000)
 ParOldGen       total 404480K, used 404454K [0x0000000704400000, 0x000000071cf00000, 0x0000000781700000)
  object space 404480K, 99% used [0x0000000704400000,0x000000071cef9b98,0x000000071cf00000)
 Metaspace       used 9159K, capacity 9298K, committed 9344K, reserved 1056768K
  class space    used 1087K, capacity 1145K, committed 1152K, reserved 1048576K
Event: 2,152 GC heap after
Heap after GC invocations=8 (full 3):
 PSYoungGen      total 152576K, used 0K [0x0000000781700000, 0x00000007a0280000, 0x00000007c0000000)
  eden space 144896K, 0% used [0x0000000781700000,0x0000000781700000,0x000000078a480000)
  from space 7680K, 0% used [0x000000078a480000,0x000000078a480000,0x000000078ac00000)
  to   space 163840K, 0% used [0x0000000796280000,0x0000000796280000,0x00000007a0280000)
 ParOldGen       total 733696K, used 401516K [0x0000000704400000, 0x0000000731080000, 0x0000000781700000)
  object space 733696K, 54% used [0x0000000704400000,0x000000071cc1b090,0x0000000731080000)
 Metaspace       used 9159K, capacity 9298K, committed 9344K, reserved 1056768K
  class space    used 1087K, capacity 1145K, committed 1152K, reserved 1048576K
}
Event: 2,373 GC heap before
{Heap before GC invocations=9 (full 3):
 PSYoungGen      total 152576K, used 144896K [0x0000000781700000, 0x00000007a0280000, 0x00000007c0000000)
  eden space 144896K, 100% used [0x0000000781700000,0x000000078a480000,0x000000078a480000)
  from space 7680K, 0% used [0x000000078a480000,0x000000078a480000,0x000000078ac00000)
  to   space 163840K, 0% used [0x0000000796280000,0x0000000796280000,0x00000007a0280000)
 ParOldGen       total 733696K, used 401516K [0x0000000704400000, 0x0000000731080000, 0x0000000781700000)
  object space 733696K, 54% used [0x0000000704400000,0x000000071cc1b090,0x0000000731080000)
 Metaspace       used 9159K, capacity 9298K, committed 9344K, reserved 1056768K
  class space    used 1087K, capacity 1145K, committed 1152K, reserved 1048576K
Event: 2,498 GC heap after
Heap after GC invocations=9 (full 3):
 PSYoungGen      total 318976K, used 145856K [0x0000000781700000, 0x00000007a3b80000, 0x00000007c0000000)
  eden space 155136K, 0% used [0x0000000781700000,0x0000000781700000,0x000000078ae80000)
  from space 163840K, 89% used [0x0000000796280000,0x000000079f0f0000,0x00000007a0280000)
  to   space 184320K, 0% used [0x000000078ae80000,0x000000078ae80000,0x0000000796280000)
 ParOldGen       total 733696K, used 401516K [0x0000000704400000, 0x0000000731080000, 0x0000000781700000)
  object space 733696K, 54% used [0x0000000704400000,0x000000071cc1b090,0x0000000731080000)
 Metaspace       used 9159K, capacity 9298K, committed 9344K, reserved 1056768K
  class space    used 1087K, capacity 1145K, committed 1152K, reserved 1048576K
}
Event: 2,726 GC heap before
{Heap before GC invocations=10 (full 3):
 PSYoungGen      total 318976K, used 300992K [0x0000000781700000, 0x00000007a3b80000, 0x00000007c0000000)
  eden space 155136K, 100% used [0x0000000781700000,0x000000078ae80000,0x000000078ae80000)
  from space 163840K, 89% used [0x0000000796280000,0x000000079f0f0000,0x00000007a0280000)
  to   space 184320K, 0% used [0x000000078ae80000,0x000000078ae80000,0x0000000796280000)
 ParOldGen       total 733696K, used 401516K [0x0000000704400000, 0x0000000731080000, 0x0000000781700000)
  object space 733696K, 54% used [0x0000000704400000,0x000000071cc1b090,0x0000000731080000)
 Metaspace       used 9159K, capacity 9298K, committed 9344K, reserved 1056768K
  class space    used 1087K, capacity 1145K, committed 1152K, reserved 1048576K

