# JRE version: Java(TM) SE Runtime Environment (8.0_241-b07) (build 1.8.0_241-b07)
# Java VM: Java HotSpot(TM) 64-Bit Server VM (25.241-b07 mixed mode linux-amd64 compressed oops)
Heap:
 PSYoungGen      total 539648K, used 218290K [0x0000000781700000, 0x00000007bac80000, 0x00000007c0000000)
  eden space 198144K, 0% used [0x0000000781700000,0x0000000781700000,0x000000078d880000)
  from space 341504K, 63% used [0x000000078d880000,0x000000079adac838,0x00000007a2600000)
  to   space 341504K, 0% used [0x00000007a5f00000,0x00000007a5f00000,0x00000007bac80000)
 ParOldGen       total 1129984K, used 1129682K [0x0000000704400000, 0x0000000749380000, 0x0000000781700000)
  object space 1129984K, 99% used [0x0000000704400000,0x0000000749334b90,0x0000000749380000)
 Metaspace       used 9235K, capacity 9402K, committed 9728K, reserved 1058816K
  class space    used 1096K, capacity 1177K, committed 1280K, reserved 1048576K
GC Heap History (10 events):
Event: 2,687 GC heap after
Heap after GC invocations=11 (full 3):
 PSYoungGen      total 443904K, used 281568K [0x0000000781700000, 0x00000007b9100000, 0x00000007c0000000)
  eden space 162304K, 0% used [0x0000000781700000,0x0000000781700000,0x000000078b580000)
  from space 281600K, 99% used [0x00000007a0300000,0x00000007b15f8010,0x00000007b1600000)
  to   space 341504K, 0% used [0x000000078b580000,0x000000078b580000,0x00000007a0300000)
 ParOldGen       total 737280K, used 602519K [0x0000000704400000, 0x0000000731400000, 0x0000000781700000)
  object space 737280K, 81% used [0x0000000704400000,0x0000000729065ff0,0x0000000731400000)
 Metaspace       used 9170K, capacity 9306K, committed 9344K, reserved 1056768K
  class space    used 1087K, capacity 1145K, committed 1152K, reserved 1048576K
}
Event: 2,687 GC heap before
{Heap before GC invocations=12 (full 4):
 PSYoungGen      total 443904K, used 281568K [0x0000000781700000, 0x00000007b9100000, 0x00000007c0000000)
  eden space 162304K, 0% used [0x0000000781700000,0x0000000781700000,0x000000078b580000)
  from space 281600K, 99% used [0x00000007a0300000,0x00000007b15f8010,0x00000007b1600000)
  to   space 341504K, 0% used [0x000000078b580000,0x000000078b580000,0x00000007a0300000)
 ParOldGen       total 737280K, used 602519K [0x0000000704400000, 0x0000000731400000, 0x0000000781700000)
  object space 737280K, 81% used [0x0000000704400000,0x0000000729065ff0,0x0000000731400000)
 Metaspace       used 9170K, capacity 9306K, committed 9344K, reserved 1056768K
  class space    used 1087K, capacity 1145K, committed 1152K, reserved 1048576K
Event: 3,186 GC heap after
Heap after GC invocations=12 (full 4):
 PSYoungGen      total 443904K, used 137243K [0x0000000781700000, 0x00000007b9100000, 0x00000007c0000000)
  eden space 162304K, 0% used [0x0000000781700000,0x0000000781700000,0x000000078b580000)
  from space 281600K, 48% used [0x00000007a0300000,0x00000007a8906d30,0x00000007b1600000)
  to   space 341504K, 0% used [0x000000078b580000,0x000000078b580000,0x00000007a0300000)
 ParOldGen       total 1129984K, used 737110K [0x0000000704400000, 0x0000000749380000, 0x0000000781700000)
  object space 1129984K, 65% used [0x0000000704400000,0x00000007313d5ab8,0x0000000749380000)
 Metaspace       used 9170K, capacity 9306K, committed 9344K, reserved 1056768K
  class space    used 1087K, capacity 1145K, committed 1152K, reserved 1048576K
}
Event: 3,426 GC heap before
{Heap before GC invocations=13 (full 4):
 PSYoungGen      total 443904K, used 299547K [0x0000000781700000, 0x00000007b9100000, 0x00000007c0000000)
  eden space 162304K, 100% used [0x0000000781700000,0x000000078b580000,0x000000078b580000)
  from space 281600K, 48% used [0x00000007a0300000,0x00000007a8906d30,0x00000007b1600000)
  to   space 341504K, 0% used [0x000000078b580000,0x000000078b580000,0x00000007a0300000)
 ParOldGen       total 1129984K, used 737110K [0x0000000704400000, 0x0000000749380000, 0x0000000781700000)
  object space 1129984K, 65% used [0x0000000704400000,0x00000007313d5ab8,0x0000000749380000)
 Metaspace       used 9170K, capacity 9306K, committed 9344K, reserved 1056768K
  class space    used 1087K, capacity 1145K, committed 1152K, reserved 1048576K
Event: 3,532 GC heap after
Heap after GC invocations=13 (full 4):
 PSYoungGen      total 503808K, used 301024K [0x0000000781700000, 0x00000007b7380000, 0x00000007c0000000)
  eden space 162304K, 0% used [0x0000000781700000,0x0000000781700000,0x000000078b580000)
  from space 341504K, 88% used [0x000000078b580000,0x000000079db78000,0x00000007a0300000)
  to   space 341504K, 0% used [0x00000007a2600000,0x00000007a2600000,0x00000007b7380000)
 ParOldGen       total 1129984K, used 737110K [0x0000000704400000, 0x0000000749380000, 0x0000000781700000)
  object space 1129984K, 65% used [0x0000000704400000,0x00000007313d5ab8,0x0000000749380000)
 Metaspace       used 9170K, capacity 9306K, committed 9344K, reserved 1056768K
  class space    used 1087K, capacity 1145K, committed 1152K, reserved 1048576K
}
Event: 3,800 GC heap before
{Heap before GC invocations=14 (full 4):
 PSYoungGen      total 503808K, used 463328K [0x0000000781700000, 0x00000007b7380000, 0x00000007c0000000)
  eden space 162304K, 100% used [0x0000000781700000,0x000000078b580000,0x000000078b580000)
  from space 341504K, 88% used [0x000000078b580000,0x000000079db78000,0x00000007a0300000)
  to   space 341504K, 0% used [0x00000007a2600000,0x00000007a2600000,0x00000007b7380000)
 ParOldGen       total 1129984K, used 737110K [0x0000000704400000, 0x0000000749380000, 0x0000000781700000)
  object space 1129984K, 65% used [0x0000000704400000,0x00000007313d5ab8,0x0000000749380000)
 Metaspace       used 9235K, capacity 9402K, committed 9728K, reserved 1058816K
  class space    used 1096K, capacity 1177K, committed 1280K, reserved 1048576K
Event: 3,943 GC heap after
Heap after GC invocations=14 (full 4):
 PSYoungGen      total 539648K, used 341504K [0x0000000781700000, 0x00000007b7800000, 0x00000007c0000000)
  eden space 198144K, 0% used [0x0000000781700000,0x0000000781700000,0x000000078d880000)
  from space 341504K, 100% used [0x00000007a2600000,0x00000007b7380000,0x00000007b7380000)
  to   space 341504K, 0% used [0x000000078d880000,0x000000078d880000,0x00000007a2600000)
 ParOldGen       total 1129984K, used 861174K [0x0000000704400000, 0x0000000749380000, 0x0000000781700000)
  object space 1129984K, 76% used [0x0000000704400000,0x0000000738cfdab8,0x0000000749380000)
 Metaspace       used 9235K, capacity 9402K, committed 9728K, reserved 1058816K
  class space    used 1096K, capacity 1177K, committed 1280K, reserved 1048576K
}
Event: 4,106 GC heap before
{Heap before GC invocations=15 (full 4):
 PSYoungGen      total 539648K, used 539648K [0x0000000781700000, 0x00000007b7800000, 0x00000007c0000000)
  eden space 198144K, 100% used [0x0000000781700000,0x000000078d880000,0x000000078d880000)
  from space 341504K, 100% used [0x00000007a2600000,0x00000007b7380000,0x00000007b7380000)
  to   space 341504K, 0% used [0x000000078d880000,0x000000078d880000,0x00000007a2600000)
 ParOldGen       total 1129984K, used 861174K [0x0000000704400000, 0x0000000749380000, 0x0000000781700000)
  object space 1129984K, 76% used [0x0000000704400000,0x0000000738cfdab8,0x0000000749380000)
 Metaspace       used 9235K, capacity 9402K, committed 9728K, reserved 1058816K
  class space    used 1096K, capacity 1177K, committed 1280K, reserved 1048576K
Event: 4,290 GC heap after
Heap after GC invocations=15 (full 4):
 PSYoungGen      total 539648K, used 341504K [0x0000000781700000, 0x00000007bac80000, 0x00000007c0000000)
  eden space 198144K, 0% used [0x0000000781700000,0x0000000781700000,0x000000078d880000)
  from space 341504K, 100% used [0x000000078d880000,0x00000007a2600000,0x00000007a2600000)
  to   space 341504K, 0% used [0x00000007a5f00000,0x00000007a5f00000,0x00000007bac80000)
 ParOldGen       total 1129984K, used 1062558K [0x0000000704400000, 0x0000000749380000, 0x0000000781700000)
  object space 1129984K, 94% used [0x0000000704400000,0x00000007451a7ab8,0x0000000749380000)
 Metaspace       used 9235K, capacity 9402K, committed 9728K, reserved 1058816K
  class space    used 1096K, capacity 1177K, committed 1280K, reserved 1048576K
}
Event: 4,290 GC heap before
{Heap before GC invocations=16 (full 5):
 PSYoungGen      total 539648K, used 341504K [0x0000000781700000, 0x00000007bac80000, 0x00000007c0000000)
  eden space 198144K, 0% used [0x0000000781700000,0x0000000781700000,0x000000078d880000)
  from space 341504K, 100% used [0x000000078d880000,0x00000007a2600000,0x00000007a2600000)
  to   space 341504K, 0% used [0x00000007a5f00000,0x00000007a5f00000,0x00000007bac80000)
 ParOldGen       total 1129984K, used 1062558K [0x0000000704400000, 0x0000000749380000, 0x0000000781700000)
  object space 1129984K, 94% used [0x0000000704400000,0x00000007451a7ab8,0x0000000749380000)
 Metaspace       used 9235K, capacity 9402K, committed 9728K, reserved 1058816K
  class space    used 1096K, capacity 1177K, committed 1280K, reserved 1048576K

