# JRE version: Java(TM) SE Runtime Environment (8.0_241-b07) (build 1.8.0_241-b07)
# Java VM: Java HotSpot(TM) 64-Bit Server VM (25.241-b07 mixed mode linux-amd64 compressed oops)
Heap:
 PSYoungGen      total 529920K, used 181861K [0x0000000781700000, 0x00000007bc880000, 0x00000007c0000000)
  eden space 230912K, 0% used [0x0000000781700000,0x0000000781700000,0x000000078f880000)
  from space 299008K, 60% used [0x00000007a4600000,0x00000007af799518,0x00000007b6a00000)
  to   space 341504K, 0% used [0x000000078f880000,0x000000078f880000,0x00000007a4600000)
 ParOldGen       total 742912K, used 742650K [0x0000000704400000, 0x0000000731980000, 0x0000000781700000)
  object space 742912K, 99% used [0x0000000704400000,0x000000073193eab8,0x0000000731980000)
 Metaspace       used 9161K, capacity 9298K, committed 9344K, reserved 1056768K
  class space    used 1087K, capacity 1145K, committed 1152K, reserved 1048576K
GC Heap History (10 events):
Event: 2,722 GC heap after
Heap after GC invocations=7 (full 2):
 PSYoungGen      total 159232K, used 7680K [0x0000000781700000, 0x00000007a2d80000, 0x00000007c0000000)
  eden space 151552K, 0% used [0x0000000781700000,0x0000000781700000,0x000000078ab00000)
  from space 7680K, 100% used [0x000000078ab00000,0x000000078b280000,0x000000078b280000)
  to   space 172544K, 0% used [0x0000000798500000,0x0000000798500000,0x00000007a2d80000)
 ParOldGen       total 417280K, used 417271K [0x0000000704400000, 0x000000071db80000, 0x0000000781700000)
  object space 417280K, 99% used [0x0000000704400000,0x000000071db7dc50,0x000000071db80000)
 Metaspace       used 9161K, capacity 9298K, committed 9344K, reserved 1056768K
  class space    used 1087K, capacity 1145K, committed 1152K, reserved 1048576K
}
Event: 2,722 GC heap before
{Heap before GC invocations=8 (full 3):
 PSYoungGen      total 159232K, used 7680K [0x0000000781700000, 0x00000007a2d80000, 0x00000007c0000000)
  eden space 151552K, 0% used [0x0000000781700000,0x0000000781700000,0x000000078ab00000)
  from space 7680K, 100% used [0x000000078ab00000,0x000000078b280000,0x000000078b280000)
  to   space 172544K, 0% used [0x0000000798500000,0x0000000798500000,0x00000007a2d80000)
 ParOldGen       total 417280K, used 417271K [0x0000000704400000, 0x000000071db80000, 0x0000000781700000)
  object space 417280K, 99% used [0x0000000704400000,0x000000071db7dc50,0x000000071db80000)
 Metaspace       used 9161K, capacity 9298K, committed 9344K, reserved 1056768K
  class space    used 1087K, capacity 1145K, committed 1152K, reserved 1048576K
Event: 3,192 GC heap after
Heap after GC invocations=8 (full 3):
 PSYoungGen      total 159232K, used 0K [0x0000000781700000, 0x00000007a2d80000, 0x00000007c0000000)
  eden space 151552K, 0% used [0x0000000781700000,0x0000000781700000,0x000000078ab00000)
  from space 7680K, 0% used [0x000000078ab00000,0x000000078ab00000,0x000000078b280000)
  to   space 172544K, 0% used [0x0000000798500000,0x0000000798500000,0x00000007a2d80000)
 ParOldGen       total 742912K, used 413796K [0x0000000704400000, 0x0000000731980000, 0x0000000781700000)
  object space 742912K, 55% used [0x0000000704400000,0x000000071d8191e8,0x0000000731980000)
 Metaspace       used 9161K, capacity 9298K, committed 9344K, reserved 1056768K
  class space    used 1087K, capacity 1145K, committed 1152K, reserved 1048576K
}
Event: 3,435 GC heap before
{Heap before GC invocations=9 (full 3):
 PSYoungGen      total 159232K, used 151552K [0x0000000781700000, 0x00000007a2d80000, 0x00000007c0000000)
  eden space 151552K, 100% used [0x0000000781700000,0x000000078ab00000,0x000000078ab00000)
  from space 7680K, 0% used [0x000000078ab00000,0x000000078ab00000,0x000000078b280000)
  to   space 172544K, 0% used [0x0000000798500000,0x0000000798500000,0x00000007a2d80000)
 ParOldGen       total 742912K, used 413796K [0x0000000704400000, 0x0000000731980000, 0x0000000781700000)
  object space 742912K, 55% used [0x0000000704400000,0x000000071d8191e8,0x0000000731980000)
 Metaspace       used 9161K, capacity 9298K, committed 9344K, reserved 1056768K
  class space    used 1087K, capacity 1145K, committed 1152K, reserved 1048576K
Event: 3,666 GC heap after
Heap after GC invocations=9 (full 3):
 PSYoungGen      total 352768K, used 152416K [0x0000000781700000, 0x00000007a6400000, 0x00000007c0000000)
  eden space 180224K, 0% used [0x0000000781700000,0x0000000781700000,0x000000078c700000)
  from space 172544K, 88% used [0x0000000798500000,0x00000007a19d8000,0x00000007a2d80000)
  to   space 194560K, 0% used [0x000000078c700000,0x000000078c700000,0x0000000798500000)
 ParOldGen       total 742912K, used 413796K [0x0000000704400000, 0x0000000731980000, 0x0000000781700000)
  object space 742912K, 55% used [0x0000000704400000,0x000000071d8191e8,0x0000000731980000)
 Metaspace       used 9161K, capacity 9298K, committed 9344K, reserved 1056768K
  class space    used 1087K, capacity 1145K, committed 1152K, reserved 1048576K
}
Event: 3,954 GC heap before
{Heap before GC invocations=10 (full 3):
 PSYoungGen      total 352768K, used 332640K [0x0000000781700000, 0x00000007a6400000, 0x00000007c0000000)
  eden space 180224K, 100% used [0x0000000781700000,0x000000078c700000,0x000000078c700000)
  from space 172544K, 88% used [0x0000000798500000,0x00000007a19d8000,0x00000007a2d80000)
  to   space 194560K, 0% used [0x000000078c700000,0x000000078c700000,0x0000000798500000)
 ParOldGen       total 742912K, used 413796K [0x0000000704400000, 0x0000000731980000, 0x0000000781700000)
  object space 742912K, 55% used [0x0000000704400000,0x000000071d8191e8,0x0000000731980000)
 Metaspace       used 9161K, capacity 9298K, committed 9344K, reserved 1056768K
  class space    used 1087K, capacity 1145K, committed 1152K, reserved 1048576K
Event: 4,315 GC heap after
Heap after GC invocations=10 (full 3):
 PSYoungGen      total 374784K, used 194528K [0x0000000781700000, 0x00000007b6a00000, 0x00000007c0000000)
  eden space 180224K, 0% used [0x0000000781700000,0x0000000781700000,0x000000078c700000)
  from space 194560K, 99% used [0x000000078c700000,0x00000007984f8080,0x0000000798500000)
  to   space 299008K, 0% used [0x00000007a4600000,0x00000007a4600000,0x00000007b6a00000)
 ParOldGen       total 742912K, used 554444K [0x0000000704400000, 0x0000000731980000, 0x0000000781700000)
  object space 742912K, 74% used [0x0000000704400000,0x00000007261731e8,0x0000000731980000)
 Metaspace       used 9161K, capacity 9298K, committed 9344K, reserved 1056768K
  class space    used 1087K, capacity 1145K, committed 1152K, reserved 1048576K
}
Event: 4,636 GC heap before
{Heap before GC invocations=11 (full 3):
 PSYoungGen      total 374784K, used 374752K [0x0000000781700000, 0x00000007b6a00000, 0x00000007c0000000)
  eden space 180224K, 100% used [0x0000000781700000,0x000000078c700000,0x000000078c700000)
  from space 194560K, 99% used [0x000000078c700000,0x00000007984f8080,0x0000000798500000)
  to   space 299008K, 0% used [0x00000007a4600000,0x00000007a4600000,0x00000007b6a00000)
 ParOldGen       total 742912K, used 554444K [0x0000000704400000, 0x0000000731980000, 0x0000000781700000)
  object space 742912K, 74% used [0x0000000704400000,0x00000007261731e8,0x0000000731980000)
 Metaspace       used 9161K, capacity 9298K, committed 9344K, reserved 1056768K
  class space    used 1087K, capacity 1145K, committed 1152K, reserved 1048576K
Event: 5,190 GC heap after
Heap after GC invocations=11 (full 3):
 PSYoungGen      total 529920K, used 298976K [0x0000000781700000, 0x00000007bc880000, 0x00000007c0000000)
  eden space 230912K, 0% used [0x0000000781700000,0x0000000781700000,0x000000078f880000)
  from space 299008K, 99% used [0x00000007a4600000,0x00000007b69f8080,0x00000007b6a00000)
  to   space 341504K, 0% used [0x000000078f880000,0x000000078f880000,0x00000007a4600000)
 ParOldGen       total 742912K, used 632140K [0x0000000704400000, 0x0000000731980000, 0x0000000781700000)
  object space 742912K, 85% used [0x0000000704400000,0x000000072ad531e8,0x0000000731980000)
 Metaspace       used 9161K, capacity 9298K, committed 9344K, reserved 1056768K
  class space    used 1087K, capacity 1145K, committed 1152K, reserved 1048576K
}
Event: 5,190 GC heap before
{Heap before GC invocations=12 (full 4):
 PSYoungGen      total 529920K, used 298976K [0x0000000781700000, 0x00000007bc880000, 0x00000007c0000000)
  eden space 230912K, 0% used [0x0000000781700000,0x0000000781700000,0x000000078f880000)
  from space 299008K, 99% used [0x00000007a4600000,0x00000007b69f8080,0x00000007b6a00000)
  to   space 341504K, 0% used [0x000000078f880000,0x000000078f880000,0x00000007a4600000)
 ParOldGen       total 742912K, used 632140K [0x0000000704400000, 0x0000000731980000, 0x0000000781700000)
  object space 742912K, 85% used [0x0000000704400000,0x000000072ad531e8,0x0000000731980000)
 Metaspace       used 9161K, capacity 9298K, committed 9344K, reserved 1056768K
  class space    used 1087K, capacity 1145K, committed 1152K, reserved 1048576K

