# JRE version: Java(TM) SE Runtime Environment (8.0_241-b07) (build 1.8.0_241-b07)
# Java VM: Java HotSpot(TM) 64-Bit Server VM (25.241-b07 mixed mode linux-amd64 compressed oops)
Heap:
 PSYoungGen      total 388608K, used 21504K [0x00000000d5580000, 0x00000000f0280000, 0x0000000100000000)
  eden space 367104K, 0% used [0x00000000d5580000,0x00000000d5580000,0x00000000ebc00000)
  from space 21504K, 100% used [0x00000000ed880000,0x00000000eed80000,0x00000000eed80000)
  to   space 21504K, 0% used [0x00000000eed80000,0x00000000eed80000,0x00000000f0280000)
 ParOldGen       total 1134080K, used 1133504K [0x0000000080000000, 0x00000000c5380000, 0x00000000d5580000)
  object space 1134080K, 99% used [0x0000000080000000,0x00000000c52f0010,0x00000000c5380000)
 Metaspace       used 9166K, capacity 9298K, committed 9344K, reserved 1056768K
  class space    used 1089K, capacity 1145K, committed 1152K, reserved 1048576K
GC Heap History (10 events):
Event: 1,242 GC heap after
Heap after GC invocations=2 (full 0):
 PSYoungGen      total 284672K, used 21488K [0x00000000d5580000, 0x00000000e8080000, 0x0000000100000000)
  eden space 263168K, 0% used [0x00000000d5580000,0x00000000d5580000,0x00000000e5680000)
  from space 21504K, 99% used [0x00000000e6b80000,0x00000000e807c0c0,0x00000000e8080000)
  to   space 21504K, 0% used [0x00000000e5680000,0x00000000e5680000,0x00000000e6b80000)
 ParOldGen       total 349696K, used 230158K [0x0000000080000000, 0x0000000095580000, 0x00000000d5580000)
  object space 349696K, 65% used [0x0000000080000000,0x000000008e0c3828,0x0000000095580000)
 Metaspace       used 9165K, capacity 9298K, committed 9344K, reserved 1056768K
  class space    used 1089K, capacity 1145K, committed 1152K, reserved 1048576K
}
Event: 1,242 GC heap before
{Heap before GC invocations=3 (full 1):
 PSYoungGen      total 284672K, used 21488K [0x00000000d5580000, 0x00000000e8080000, 0x0000000100000000)
  eden space 263168K, 0% used [0x00000000d5580000,0x00000000d5580000,0x00000000e5680000)
  from space 21504K, 99% used [0x00000000e6b80000,0x00000000e807c0c0,0x00000000e8080000)
  to   space 21504K, 0% used [0x00000000e5680000,0x00000000e5680000,0x00000000e6b80000)
 ParOldGen       total 349696K, used 230158K [0x0000000080000000, 0x0000000095580000, 0x00000000d5580000)
  object space 349696K, 65% used [0x0000000080000000,0x000000008e0c3828,0x0000000095580000)
 Metaspace       used 9165K, capacity 9298K, committed 9344K, reserved 1056768K
  class space    used 1089K, capacity 1145K, committed 1152K, reserved 1048576K
Event: 1,513 GC heap after
Heap after GC invocations=3 (full 1):
 PSYoungGen      total 284672K, used 0K [0x00000000d5580000, 0x00000000e8080000, 0x0000000100000000)
  eden space 263168K, 0% used [0x00000000d5580000,0x00000000d5580000,0x00000000e5680000)
  from space 21504K, 0% used [0x00000000e6b80000,0x00000000e6b80000,0x00000000e8080000)
  to   space 21504K, 0% used [0x00000000e5680000,0x00000000e5680000,0x00000000e6b80000)
 ParOldGen       total 582656K, used 239928K [0x0000000080000000, 0x00000000a3900000, 0x00000000d5580000)
  object space 582656K, 41% used [0x0000000080000000,0x000000008ea4e190,0x00000000a3900000)
 Metaspace       used 9165K, capacity 9298K, committed 9344K, reserved 1056768K
  class space    used 1089K, capacity 1145K, committed 1152K, reserved 1048576K
}
Event: 1,919 GC heap before
{Heap before GC invocations=4 (full 1):
 PSYoungGen      total 284672K, used 263168K [0x00000000d5580000, 0x00000000e8080000, 0x0000000100000000)
  eden space 263168K, 100% used [0x00000000d5580000,0x00000000e5680000,0x00000000e5680000)
  from space 21504K, 0% used [0x00000000e6b80000,0x00000000e6b80000,0x00000000e8080000)
  to   space 21504K, 0% used [0x00000000e5680000,0x00000000e5680000,0x00000000e6b80000)
 ParOldGen       total 582656K, used 239928K [0x0000000080000000, 0x00000000a3900000, 0x00000000d5580000)
  object space 582656K, 41% used [0x0000000080000000,0x000000008ea4e190,0x00000000a3900000)
 Metaspace       used 9166K, capacity 9298K, committed 9344K, reserved 1056768K
  class space    used 1089K, capacity 1145K, committed 1152K, reserved 1048576K
Event: 2,055 GC heap after
Heap after GC invocations=4 (full 1):
 PSYoungGen      total 284672K, used 21504K [0x00000000d5580000, 0x00000000f0280000, 0x0000000100000000)
  eden space 263168K, 0% used [0x00000000d5580000,0x00000000d5580000,0x00000000e5680000)
  from space 21504K, 100% used [0x00000000e5680000,0x00000000e6b80000,0x00000000e6b80000)
  to   space 21504K, 0% used [0x00000000eed80000,0x00000000eed80000,0x00000000f0280000)
 ParOldGen       total 582656K, used 486856K [0x0000000080000000, 0x00000000a3900000, 0x00000000d5580000)
  object space 582656K, 83% used [0x0000000080000000,0x000000009db72210,0x00000000a3900000)
 Metaspace       used 9166K, capacity 9298K, committed 9344K, reserved 1056768K
  class space    used 1089K, capacity 1145K, committed 1152K, reserved 1048576K
}
Event: 2,055 GC heap before
{Heap before GC invocations=5 (full 2):
 PSYoungGen      total 284672K, used 21504K [0x00000000d5580000, 0x00000000f0280000, 0x0000000100000000)
  eden space 263168K, 0% used [0x00000000d5580000,0x00000000d5580000,0x00000000e5680000)
  from space 21504K, 100% used [0x00000000e5680000,0x00000000e6b80000,0x00000000e6b80000)
  to   space 21504K, 0% used [0x00000000eed80000,0x00000000eed80000,0x00000000f0280000)
 ParOldGen       total 582656K, used 486856K [0x0000000080000000, 0x00000000a3900000, 0x00000000d5580000)
  object space 582656K, 83% used [0x0000000080000000,0x000000009db72210,0x00000000a3900000)
 Metaspace       used 9166K, capacity 9298K, committed 9344K, reserved 1056768K
  class space    used 1089K, capacity 1145K, committed 1152K, reserved 1048576K
Event: 2,376 GC heap after
Heap after GC invocations=5 (full 2):
 PSYoungGen      total 284672K, used 0K [0x00000000d5580000, 0x00000000f0280000, 0x0000000100000000)
  eden space 263168K, 0% used [0x00000000d5580000,0x00000000d5580000,0x00000000e5680000)
  from space 21504K, 0% used [0x00000000e5680000,0x00000000e5680000,0x00000000e6b80000)
  to   space 21504K, 0% used [0x00000000eed80000,0x00000000eed80000,0x00000000f0280000)
 ParOldGen       total 1078784K, used 497639K [0x0000000080000000, 0x00000000c1d80000, 0x00000000d5580000)
  object space 1078784K, 46% used [0x0000000080000000,0x000000009e5f9f90,0x00000000c1d80000)
 Metaspace       used 9166K, capacity 9298K, committed 9344K, reserved 1056768K
  class space    used 1089K, capacity 1145K, committed 1152K, reserved 1048576K
}
Event: 2,738 GC heap before
{Heap before GC invocations=6 (full 2):
 PSYoungGen      total 284672K, used 263168K [0x00000000d5580000, 0x00000000f0280000, 0x0000000100000000)
  eden space 263168K, 100% used [0x00000000d5580000,0x00000000e5680000,0x00000000e5680000)
  from space 21504K, 0% used [0x00000000e5680000,0x00000000e5680000,0x00000000e6b80000)
  to   space 21504K, 0% used [0x00000000eed80000,0x00000000eed80000,0x00000000f0280000)
 ParOldGen       total 1078784K, used 497639K [0x0000000080000000, 0x00000000c1d80000, 0x00000000d5580000)
  object space 1078784K, 46% used [0x0000000080000000,0x000000009e5f9f90,0x00000000c1d80000)
 Metaspace       used 9166K, capacity 9298K, committed 9344K, reserved 1056768K
  class space    used 1089K, capacity 1145K, committed 1152K, reserved 1048576K
Event: 2,871 GC heap after
Heap after GC invocations=6 (full 2):
 PSYoungGen      total 388608K, used 21504K [0x00000000d5580000, 0x00000000f0280000, 0x0000000100000000)
  eden space 367104K, 0% used [0x00000000d5580000,0x00000000d5580000,0x00000000ebc00000)
  from space 21504K, 100% used [0x00000000eed80000,0x00000000f0280000,0x00000000f0280000)
  to   space 21504K, 0% used [0x00000000ed880000,0x00000000ed880000,0x00000000eed80000)
 ParOldGen       total 1078784K, used 750040K [0x0000000080000000, 0x00000000c1d80000, 0x00000000d5580000)
  object space 1078784K, 69% used [0x0000000080000000,0x00000000adc76010,0x00000000c1d80000)
 Metaspace       used 9166K, capacity 9298K, committed 9344K, reserved 1056768K
  class space    used 1089K, capacity 1145K, committed 1152K, reserved 1048576K
}
Event: 3,398 GC heap before
{Heap before GC invocations=7 (full 2):
 PSYoungGen      total 388608K, used 388608K [0x00000000d5580000, 0x00000000f0280000, 0x0000000100000000)
  eden space 367104K, 100% used [0x00000000d5580000,0x00000000ebc00000,0x00000000ebc00000)
  from space 21504K, 100% used [0x00000000eed80000,0x00000000f0280000,0x00000000f0280000)
  to   space 21504K, 0% used [0x00000000ed880000,0x00000000ed880000,0x00000000eed80000)
 ParOldGen       total 1078784K, used 750040K [0x0000000080000000, 0x00000000c1d80000, 0x00000000d5580000)
  object space 1078784K, 69% used [0x0000000080000000,0x00000000adc76010,0x00000000c1d80000)
 Metaspace       used 9166K, capacity 9298K, committed 9344K, reserved 1056768K
  class space    used 1089K, capacity 1145K, committed 1152K, reserved 1048576K

