# JRE version: Java(TM) SE Runtime Environment (8.0_241-b07) (build 1.8.0_241-b07)
# Java VM: Java HotSpot(TM) 64-Bit Server VM (25.241-b07 mixed mode linux-amd64 compressed oops)
Heap:
 PSYoungGen      total 595456K, used 0K [0x0000000781700000, 0x00000007be680000, 0x00000007c0000000)
  eden space 253952K, 0% used [0x0000000781700000,0x0000000781700000,0x0000000790f00000)
  from space 341504K, 0% used [0x0000000790f00000,0x0000000790f00000,0x00000007a5c80000)
  to   space 341504K, 0% used [0x00000007a9900000,0x00000007a9900000,0x00000007be680000)
 ParOldGen       total 1621504K, used 1617441K [0x0000000704400000, 0x0000000767380000, 0x0000000781700000)
  object space 1621504K, 99% used [0x0000000704400000,0x0000000766f887c0,0x0000000767380000)
 Metaspace       used 10158K, capacity 10298K, committed 10496K, reserved 1058816K
  class space    used 1175K, capacity 1241K, committed 1280K, reserved 1048576K
GC Heap History (10 events):
Event: 4,709 GC heap after
Heap after GC invocations=14 (full 4):
 PSYoungGen      total 545280K, used 341472K [0x0000000781700000, 0x00000007b7d80000, 0x00000007c0000000)
  eden space 203776K, 0% used [0x0000000781700000,0x0000000781700000,0x000000078de00000)
  from space 341504K, 99% used [0x00000007a2b80000,0x00000007b78f8040,0x00000007b7900000)
  to   space 341504K, 0% used [0x000000078de00000,0x000000078de00000,0x00000007a2b80000)
 ParOldGen       total 1129472K, used 871810K [0x0000000704400000, 0x0000000749300000, 0x0000000781700000)
  object space 1129472K, 77% used [0x0000000704400000,0x0000000739760bb0,0x0000000749300000)
 Metaspace       used 9228K, capacity 9402K, committed 9728K, reserved 1058816K
  class space    used 1096K, capacity 1177K, committed 1280K, reserved 1048576K
}
Event: 4,878 GC heap before
{Heap before GC invocations=15 (full 4):
 PSYoungGen      total 545280K, used 545248K [0x0000000781700000, 0x00000007b7d80000, 0x00000007c0000000)
  eden space 203776K, 100% used [0x0000000781700000,0x000000078de00000,0x000000078de00000)
  from space 341504K, 99% used [0x00000007a2b80000,0x00000007b78f8040,0x00000007b7900000)
  to   space 341504K, 0% used [0x000000078de00000,0x000000078de00000,0x00000007a2b80000)
 ParOldGen       total 1129472K, used 871810K [0x0000000704400000, 0x0000000749300000, 0x0000000781700000)
  object space 1129472K, 77% used [0x0000000704400000,0x0000000739760bb0,0x0000000749300000)
 Metaspace       used 9228K, capacity 9402K, committed 9728K, reserved 1058816K
  class space    used 1096K, capacity 1177K, committed 1280K, reserved 1048576K
Event: 5,132 GC heap after
Heap after GC invocations=15 (full 4):
 PSYoungGen      total 545280K, used 341504K [0x0000000781700000, 0x00000007bb480000, 0x00000007c0000000)
  eden space 203776K, 0% used [0x0000000781700000,0x0000000781700000,0x000000078de00000)
  from space 341504K, 100% used [0x000000078de00000,0x00000007a2b80000,0x00000007a2b80000)
  to   space 341504K, 0% used [0x00000007a6700000,0x00000007a6700000,0x00000007bb480000)
 ParOldGen       total 1129472K, used 1079610K [0x0000000704400000, 0x0000000749300000, 0x0000000781700000)
  object space 1129472K, 95% used [0x0000000704400000,0x000000074624ebf0,0x0000000749300000)
 Metaspace       used 9228K, capacity 9402K, committed 9728K, reserved 1058816K
  class space    used 1096K, capacity 1177K, committed 1280K, reserved 1048576K
}
Event: 5,132 GC heap before
{Heap before GC invocations=16 (full 5):
 PSYoungGen      total 545280K, used 341504K [0x0000000781700000, 0x00000007bb480000, 0x00000007c0000000)
  eden space 203776K, 0% used [0x0000000781700000,0x0000000781700000,0x000000078de00000)
  from space 341504K, 100% used [0x000000078de00000,0x00000007a2b80000,0x00000007a2b80000)
  to   space 341504K, 0% used [0x00000007a6700000,0x00000007a6700000,0x00000007bb480000)
 ParOldGen       total 1129472K, used 1079610K [0x0000000704400000, 0x0000000749300000, 0x0000000781700000)
  object space 1129472K, 95% used [0x0000000704400000,0x000000074624ebf0,0x0000000749300000)
 Metaspace       used 9228K, capacity 9402K, committed 9728K, reserved 1058816K
  class space    used 1096K, capacity 1177K, committed 1280K, reserved 1048576K
Event: 7,161 GC heap after
Heap after GC invocations=16 (full 5):
 PSYoungGen      total 545280K, used 230562K [0x0000000781700000, 0x00000007bb480000, 0x00000007c0000000)
  eden space 203776K, 0% used [0x0000000781700000,0x0000000781700000,0x000000078de00000)
  from space 341504K, 67% used [0x000000078de00000,0x000000079bf28808,0x00000007a2b80000)
  to   space 341504K, 0% used [0x00000007a6700000,0x00000007a6700000,0x00000007bb480000)
 ParOldGen       total 1621504K, used 1128976K [0x0000000704400000, 0x0000000767380000, 0x0000000781700000)
  object space 1621504K, 69% used [0x0000000704400000,0x0000000749284220,0x0000000767380000)
 Metaspace       used 9228K, capacity 9402K, committed 9728K, reserved 1058816K
  class space    used 1096K, capacity 1177K, committed 1280K, reserved 1048576K
}
Event: 7,327 GC heap before
{Heap before GC invocations=17 (full 5):
 PSYoungGen      total 545280K, used 434338K [0x0000000781700000, 0x00000007bb480000, 0x00000007c0000000)
  eden space 203776K, 100% used [0x0000000781700000,0x000000078de00000,0x000000078de00000)
  from space 341504K, 67% used [0x000000078de00000,0x000000079bf28808,0x00000007a2b80000)
  to   space 341504K, 0% used [0x00000007a6700000,0x00000007a6700000,0x00000007bb480000)
 ParOldGen       total 1621504K, used 1128976K [0x0000000704400000, 0x0000000767380000, 0x0000000781700000)
  object space 1621504K, 69% used [0x0000000704400000,0x0000000749284220,0x0000000767380000)
 Metaspace       used 9228K, capacity 9402K, committed 9728K, reserved 1058816K
  class space    used 1096K, capacity 1177K, committed 1280K, reserved 1048576K
Event: 7,623 GC heap after
Heap after GC invocations=17 (full 5):
 PSYoungGen      total 584704K, used 274016K [0x0000000781700000, 0x00000007baa00000, 0x00000007c0000000)
  eden space 253952K, 0% used [0x0000000781700000,0x0000000781700000,0x0000000790f00000)
  from space 330752K, 82% used [0x00000007a6700000,0x00000007b7298000,0x00000007baa00000)
  to   space 341504K, 0% used [0x0000000790f00000,0x0000000790f00000,0x00000007a5c80000)
 ParOldGen       total 1621504K, used 1293840K [0x0000000704400000, 0x0000000767380000, 0x0000000781700000)
  object space 1621504K, 79% used [0x0000000704400000,0x0000000753384220,0x0000000767380000)
 Metaspace       used 9228K, capacity 9402K, committed 9728K, reserved 1058816K
  class space    used 1096K, capacity 1177K, committed 1280K, reserved 1048576K
}
Event: 8,528 GC heap before
{Heap before GC invocations=18 (full 5):
 PSYoungGen      total 584704K, used 527968K [0x0000000781700000, 0x00000007baa00000, 0x00000007c0000000)
  eden space 253952K, 100% used [0x0000000781700000,0x0000000790f00000,0x0000000790f00000)
  from space 330752K, 82% used [0x00000007a6700000,0x00000007b7298000,0x00000007baa00000)
  to   space 341504K, 0% used [0x0000000790f00000,0x0000000790f00000,0x00000007a5c80000)
 ParOldGen       total 1621504K, used 1293840K [0x0000000704400000, 0x0000000767380000, 0x0000000781700000)
  object space 1621504K, 79% used [0x0000000704400000,0x0000000753384220,0x0000000767380000)
 Metaspace       used 10158K, capacity 10298K, committed 10496K, reserved 1058816K
  class space    used 1175K, capacity 1241K, committed 1280K, reserved 1048576K
Event: 8,861 GC heap after
Heap after GC invocations=18 (full 5):
 PSYoungGen      total 595456K, used 204662K [0x0000000781700000, 0x00000007be680000, 0x00000007c0000000)
  eden space 253952K, 0% used [0x0000000781700000,0x0000000781700000,0x0000000790f00000)
  from space 341504K, 59% used [0x0000000790f00000,0x000000079d6ddbb8,0x00000007a5c80000)
  to   space 341504K, 0% used [0x00000007a9900000,0x00000007a9900000,0x00000007be680000)
 ParOldGen       total 1621504K, used 1568720K [0x0000000704400000, 0x0000000767380000, 0x0000000781700000)
  object space 1621504K, 96% used [0x0000000704400000,0x0000000763ff4220,0x0000000767380000)
 Metaspace       used 10158K, capacity 10298K, committed 10496K, reserved 1058816K
  class space    used 1175K, capacity 1241K, committed 1280K, reserved 1048576K
}
Event: 8,861 GC heap before
{Heap before GC invocations=19 (full 6):
 PSYoungGen      total 595456K, used 204662K [0x0000000781700000, 0x00000007be680000, 0x00000007c0000000)
  eden space 253952K, 0% used [0x0000000781700000,0x0000000781700000,0x0000000790f00000)
  from space 341504K, 59% used [0x0000000790f00000,0x000000079d6ddbb8,0x00000007a5c80000)
  to   space 341504K, 0% used [0x00000007a9900000,0x00000007a9900000,0x00000007be680000)
 ParOldGen       total 1621504K, used 1568720K [0x0000000704400000, 0x0000000767380000, 0x0000000781700000)
  object space 1621504K, 96% used [0x0000000704400000,0x0000000763ff4220,0x0000000767380000)
 Metaspace       used 10158K, capacity 10298K, committed 10496K, reserved 1058816K
  class space    used 1175K, capacity 1241K, committed 1280K, reserved 1048576K

