# JRE version: Java(TM) SE Runtime Environment (8.0_241-b07) (build 1.8.0_241-b07)
# Java VM: Java HotSpot(TM) 64-Bit Server VM (25.241-b07 mixed mode linux-amd64 compressed oops)
Heap:
 PSYoungGen      total 535552K, used 207437K [0x0000000781700000, 0x00000007bab80000, 0x00000007c0000000)
  eden space 194048K, 0% used [0x0000000781700000,0x0000000781700000,0x000000078d480000)
  from space 341504K, 60% used [0x000000078d480000,0x0000000799f134b8,0x00000007a2200000)
  to   space 341504K, 0% used [0x00000007a5e00000,0x00000007a5e00000,0x00000007bab80000)
 ParOldGen       total 1124352K, used 1123898K [0x0000000704400000, 0x0000000748e00000, 0x0000000781700000)
  object space 1124352K, 99% used [0x0000000704400000,0x0000000748d8e918,0x0000000748e00000)
 Metaspace       used 9230K, capacity 9398K, committed 9728K, reserved 1058816K
  class space    used 1096K, capacity 1177K, committed 1280K, reserved 1048576K
GC Heap History (10 events):
Event: 2,685 GC heap after
Heap after GC invocations=11 (full 3):
 PSYoungGen      total 435712K, used 277984K [0x0000000781700000, 0x00000007b9080000, 0x00000007c0000000)
  eden space 157696K, 0% used [0x0000000781700000,0x0000000781700000,0x000000078b100000)
  from space 278016K, 99% used [0x000000079fe80000,0x00000007b0df8080,0x00000007b0e00000)
  to   space 341504K, 0% used [0x000000078b100000,0x000000078b100000,0x000000079fe80000)
 ParOldGen       total 736256K, used 594269K [0x0000000704400000, 0x0000000731300000, 0x0000000781700000)
  object space 736256K, 80% used [0x0000000704400000,0x00000007288577f0,0x0000000731300000)
 Metaspace       used 9165K, capacity 9302K, committed 9344K, reserved 1056768K
  class space    used 1087K, capacity 1145K, committed 1152K, reserved 1048576K
}
Event: 2,685 GC heap before
{Heap before GC invocations=12 (full 4):
 PSYoungGen      total 435712K, used 277984K [0x0000000781700000, 0x00000007b9080000, 0x00000007c0000000)
  eden space 157696K, 0% used [0x0000000781700000,0x0000000781700000,0x000000078b100000)
  from space 278016K, 99% used [0x000000079fe80000,0x00000007b0df8080,0x00000007b0e00000)
  to   space 341504K, 0% used [0x000000078b100000,0x000000078b100000,0x000000079fe80000)
 ParOldGen       total 736256K, used 594269K [0x0000000704400000, 0x0000000731300000, 0x0000000781700000)
  object space 736256K, 80% used [0x0000000704400000,0x00000007288577f0,0x0000000731300000)
 Metaspace       used 9165K, capacity 9302K, committed 9344K, reserved 1056768K
  class space    used 1087K, capacity 1145K, committed 1152K, reserved 1048576K
Event: 3,213 GC heap after
Heap after GC invocations=12 (full 4):
 PSYoungGen      total 435712K, used 130306K [0x0000000781700000, 0x00000007b9080000, 0x00000007c0000000)
  eden space 157696K, 0% used [0x0000000781700000,0x0000000781700000,0x000000078b100000)
  from space 278016K, 46% used [0x000000079fe80000,0x00000007a7dc0a30,0x00000007b0e00000)
  to   space 341504K, 0% used [0x000000078b100000,0x000000078b100000,0x000000079fe80000)
 ParOldGen       total 1124352K, used 735864K [0x0000000704400000, 0x0000000748e00000, 0x0000000781700000)
  object space 1124352K, 65% used [0x0000000704400000,0x000000073129e198,0x0000000748e00000)
 Metaspace       used 9165K, capacity 9302K, committed 9344K, reserved 1056768K
  class space    used 1087K, capacity 1145K, committed 1152K, reserved 1048576K
}
Event: 3,454 GC heap before
{Heap before GC invocations=13 (full 4):
 PSYoungGen      total 435712K, used 288002K [0x0000000781700000, 0x00000007b9080000, 0x00000007c0000000)
  eden space 157696K, 100% used [0x0000000781700000,0x000000078b100000,0x000000078b100000)
  from space 278016K, 46% used [0x000000079fe80000,0x00000007a7dc0a30,0x00000007b0e00000)
  to   space 341504K, 0% used [0x000000078b100000,0x000000078b100000,0x000000079fe80000)
 ParOldGen       total 1124352K, used 735864K [0x0000000704400000, 0x0000000748e00000, 0x0000000781700000)
  object space 1124352K, 65% used [0x0000000704400000,0x000000073129e198,0x0000000748e00000)
 Metaspace       used 9165K, capacity 9302K, committed 9344K, reserved 1056768K
  class space    used 1087K, capacity 1145K, committed 1152K, reserved 1048576K
Event: 3,552 GC heap after
Heap after GC invocations=13 (full 4):
 PSYoungGen      total 499200K, used 289728K [0x0000000781700000, 0x00000007b6f80000, 0x00000007c0000000)
  eden space 157696K, 0% used [0x0000000781700000,0x0000000781700000,0x000000078b100000)
  from space 341504K, 84% used [0x000000078b100000,0x000000079cbf0030,0x000000079fe80000)
  to   space 341504K, 0% used [0x00000007a2200000,0x00000007a2200000,0x00000007b6f80000)
 ParOldGen       total 1124352K, used 735864K [0x0000000704400000, 0x0000000748e00000, 0x0000000781700000)
  object space 1124352K, 65% used [0x0000000704400000,0x000000073129e198,0x0000000748e00000)
 Metaspace       used 9165K, capacity 9302K, committed 9344K, reserved 1056768K
  class space    used 1087K, capacity 1145K, committed 1152K, reserved 1048576K
}
Event: 3,831 GC heap before
{Heap before GC invocations=14 (full 4):
 PSYoungGen      total 499200K, used 447424K [0x0000000781700000, 0x00000007b6f80000, 0x00000007c0000000)
  eden space 157696K, 100% used [0x0000000781700000,0x000000078b100000,0x000000078b100000)
  from space 341504K, 84% used [0x000000078b100000,0x000000079cbf0030,0x000000079fe80000)
  to   space 341504K, 0% used [0x00000007a2200000,0x00000007a2200000,0x00000007b6f80000)
 ParOldGen       total 1124352K, used 735864K [0x0000000704400000, 0x0000000748e00000, 0x0000000781700000)
  object space 1124352K, 65% used [0x0000000704400000,0x000000073129e198,0x0000000748e00000)
 Metaspace       used 9230K, capacity 9398K, committed 9728K, reserved 1058816K
  class space    used 1096K, capacity 1177K, committed 1280K, reserved 1048576K
Event: 4,024 GC heap after
Heap after GC invocations=14 (full 4):
 PSYoungGen      total 535552K, used 341472K [0x0000000781700000, 0x00000007b7500000, 0x00000007c0000000)
  eden space 194048K, 0% used [0x0000000781700000,0x0000000781700000,0x000000078d480000)
  from space 341504K, 99% used [0x00000007a2200000,0x00000007b6f78030,0x00000007b6f80000)
  to   space 341504K, 0% used [0x000000078d480000,0x000000078d480000,0x00000007a2200000)
 ParOldGen       total 1124352K, used 843760K [0x0000000704400000, 0x0000000748e00000, 0x0000000781700000)
  object space 1124352K, 75% used [0x0000000704400000,0x0000000737bfc198,0x0000000748e00000)
 Metaspace       used 9230K, capacity 9398K, committed 9728K, reserved 1058816K
  class space    used 1096K, capacity 1177K, committed 1280K, reserved 1048576K
}
Event: 4,206 GC heap before
{Heap before GC invocations=15 (full 4):
 PSYoungGen      total 535552K, used 535520K [0x0000000781700000, 0x00000007b7500000, 0x00000007c0000000)
  eden space 194048K, 100% used [0x0000000781700000,0x000000078d480000,0x000000078d480000)
  from space 341504K, 99% used [0x00000007a2200000,0x00000007b6f78030,0x00000007b6f80000)
  to   space 341504K, 0% used [0x000000078d480000,0x000000078d480000,0x00000007a2200000)
 ParOldGen       total 1124352K, used 843760K [0x0000000704400000, 0x0000000748e00000, 0x0000000781700000)
  object space 1124352K, 75% used [0x0000000704400000,0x0000000737bfc198,0x0000000748e00000)
 Metaspace       used 9230K, capacity 9398K, committed 9728K, reserved 1058816K
  class space    used 1096K, capacity 1177K, committed 1280K, reserved 1048576K
Event: 4,512 GC heap after
Heap after GC invocations=15 (full 4):
 PSYoungGen      total 535552K, used 341504K [0x0000000781700000, 0x00000007bab80000, 0x00000007c0000000)
  eden space 194048K, 0% used [0x0000000781700000,0x0000000781700000,0x000000078d480000)
  from space 341504K, 100% used [0x000000078d480000,0x00000007a2200000,0x00000007a2200000)
  to   space 341504K, 0% used [0x00000007a5e00000,0x00000007a5e00000,0x00000007bab80000)
 ParOldGen       total 1124352K, used 1042336K [0x0000000704400000, 0x0000000748e00000, 0x0000000781700000)
  object space 1124352K, 92% used [0x0000000704400000,0x0000000743de81c8,0x0000000748e00000)
 Metaspace       used 9230K, capacity 9398K, committed 9728K, reserved 1058816K
  class space    used 1096K, capacity 1177K, committed 1280K, reserved 1048576K
}
Event: 4,513 GC heap before
{Heap before GC invocations=16 (full 5):
 PSYoungGen      total 535552K, used 341504K [0x0000000781700000, 0x00000007bab80000, 0x00000007c0000000)
  eden space 194048K, 0% used [0x0000000781700000,0x0000000781700000,0x000000078d480000)
  from space 341504K, 100% used [0x000000078d480000,0x00000007a2200000,0x00000007a2200000)
  to   space 341504K, 0% used [0x00000007a5e00000,0x00000007a5e00000,0x00000007bab80000)
 ParOldGen       total 1124352K, used 1042336K [0x0000000704400000, 0x0000000748e00000, 0x0000000781700000)
  object space 1124352K, 92% used [0x0000000704400000,0x0000000743de81c8,0x0000000748e00000)
 Metaspace       used 9230K, capacity 9398K, committed 9728K, reserved 1058816K
  class space    used 1096K, capacity 1177K, committed 1280K, reserved 1048576K

